<html xmlns:math="http://exslt.org/math" xmlns:testng="http://testng.org">
   <head>
      <title>TestNG Results</title>
      <meta http-equiv="content-type" content="text/html; charset=utf-8"></meta>
      <meta http-equiv="pragma" content="no-cache"></meta>
      <meta http-equiv="cache-control" content="max-age=0"></meta>
      <meta http-equiv="cache-control" content="no-cache"></meta>
      <meta http-equiv="cache-control" content="no-store"></meta>
      <LINK rel="stylesheet" href="style.css"></LINK>
      <script type="text/javascript" src="main.js"></script>
   </head>
   <body>
      <table width="100%" style="font-size: 16px; margin-bottom: 10px;" cellspacing="1">
         <tr>
            <td width="100%">
               Test case
               
               <b>自动新增小区房间流程</b>
            </td>
            <td style="background-color: #FFBBBB; padding: 3px 3px 3px 0;" align="center">
               <div style="width: 50px;">5</div>
            </td>
            <td style="background-color: lightgreen; padding: 3px 3px 3px 0;" align="center">
               <div style="width: 50px;">4</div>
            </td>
            <td style="background-color: #FFFFBB; padding: 3px 3px 3px 0;" align="center">
               <div style="width: 50px;">0</div>
            </td>
            <td align="center" style="background-color: #eaf0f7; padding: 3px 3px 3px 0;">
               <div style="width: 50px;">9</div>
            </td>
            <td align="center"
                style="font-weight: bold; background-color: #eaf0f7; padding: 3px 3px 3px 0;">
               <div style="width: 50px;">44%</div>
            </td>
         </tr>
      </table>
      <div style="width: 200px;">
         <label for="groupMethodsCheckBox" style="font-weight: bold; margin: 0;">
            <input id="groupMethodsCheckBox" type="checkbox" onclick="switchTestMethodsView(this)"></input>
            Group by class
            
         </label>
         <br></br>
         <label for="methodsFilter_ALL" style="font-weight: bold; margin: 0;">
            <input id="methodsFilter_ALL" type="checkbox"
                   onclick="testMethodsFilterChanged(this, 'ALL')"></input>
            All
            
         </label>
      </div>
      <label for="methodsFilter_FAIL" style="margin-left: 20px;">
         <input id="methodsFilter_FAIL" type="checkbox"
                onclick="testMethodsFilterChanged(this, 'FAIL')"
                checked=""></input>
         Failed
         
      </label>
      <label for="methodsFilter_PASS">
         <input id="methodsFilter_PASS" type="checkbox"
                onclick="testMethodsFilterChanged(this, 'PASS')"
                checked=""></input>
         Passed
         
      </label>
      <label for="methodsFilter_SKIP">
         <input id="methodsFilter_SKIP" type="checkbox"
                onclick="testMethodsFilterChanged(this, 'SKIP')"
                checked=""></input>
         Skipped
         
      </label>
      <label for="methodsFilter_CONF">
         <input id="methodsFilter_CONF" type="checkbox"
                onclick="testMethodsFilterChanged(this, 'CONF')"></input>
         Config
         
      </label>
      <br></br>
      <div id="testMethodsByStatus">
         <table class="testMethodsTable" cellpadding="0" cellspacing="0">
            <tr class="methodsTableHeader">
               <td width="100%">Name</td>
               <td nowrap="true">Started</td>
               <td nowrap="true">Duration</td>
               <td>Exception</td>
            </tr>
            <tr id="TestCases.New_District_Process_case4_byStatus_failed_FAIL1_row"
                class="testMethodStatusFAIL">
               <td width="100%" class="firstMethodCell">
                  <a onclick="toggleDetailsVisibility('TestCases.New_District_Process_case4_byStatus_failed_FAIL1_details')">case4()</a>
               </td>
               <td nowrap="true">11:29:13</td>
               <td nowrap="true" align="right">12s
                  
               </td>
               <td nowrap="true">
                  <a onclick="toggleDetailsVisibility('TestCases.New_District_Process_case4_byStatus_failed_FAIL1_exception')">java.lang.reflect.InvocationTargetException: </a>
                   
                  
               </td>
            </tr>
            <tr>
               <td colspan="4"
                   style="padding: 0; background-color: white; border-style: none; height: 0px;">
                  <div id="TestCases.New_District_Process_case4_byStatus_failed_FAIL1_details"
                       class="testMethodDetails">
                     <div>
                        <b>Name:
                           
                        </b>case4
                     </div>
                     <div>
                        <b>Signature:
                           
                        </b>case4()[pri:0, instance:TestCases.New_District_Process@2ed94a8b]
                     </div>
                     <div>
                        <b>Start time:
                           
                        </b>11:29:13
                     </div>
                     <div>
                        <b>End time:
                           
                        </b>11:29:25
                     </div>
                     <div>
                        <b>Duration:
                           
                        </b>12s
                        
                     </div>
                  </div>
               </td>
            </tr>
            <tr>
               <td colspan="4"
                   style="padding: 0; background-color: white; border-style: none; height: 0px;">
                  <div id="TestCases.New_District_Process_case4_byStatus_failed_FAIL1_exception"
                       class="testMethodDetails">
                     <pre style="padding: 5px; margin: 0;">java.lang.reflect.InvocationTargetException
                        	at sun.reflect.NativeMethodAccessorImpl.invoke0(Native Method)
                        	at sun.reflect.NativeMethodAccessorImpl.invoke(NativeMethodAccessorImpl.java:62)
                        	at sun.reflect.DelegatingMethodAccessorImpl.invoke(DelegatingMethodAccessorImpl.java:43)
                        	at java.lang.reflect.Method.invoke(Method.java:498)
                        	at com.jmoney.luckeylink.service.RunUnitService.runCase(RunUnitService.java:85)
                        	at TestCases.New_District_Process.case4(New_District_Process.java:44)
                        	at sun.reflect.NativeMethodAccessorImpl.invoke0(Native Method)
                        	at sun.reflect.NativeMethodAccessorImpl.invoke(NativeMethodAccessorImpl.java:62)
                        	at sun.reflect.DelegatingMethodAccessorImpl.invoke(DelegatingMethodAccessorImpl.java:43)
                        	at java.lang.reflect.Method.invoke(Method.java:498)
                        	at org.testng.internal.MethodInvocationHelper.invokeMethod(MethodInvocationHelper.java:86)
                        	at org.testng.internal.InvokeMethodRunnable.runOne(InvokeMethodRunnable.java:54)
                        	at org.testng.internal.InvokeMethodRunnable.run(InvokeMethodRunnable.java:44)
                        	at java.util.concurrent.Executors$RunnableAdapter.call(Executors.java:511)
                        	at java.util.concurrent.FutureTask.run(FutureTask.java:266)
                        	at java.util.concurrent.ThreadPoolExecutor.runWorker(ThreadPoolExecutor.java:1142)
                        	at java.util.concurrent.ThreadPoolExecutor$Worker.run(ThreadPoolExecutor.java:617)
                        	at java.lang.Thread.run(Thread.java:745)
                        Caused by: org.openqa.selenium.StaleElementReferenceException: Element not found in the cache - perhaps the page has changed
                        since it was looked up
                        Command duration or timeout: 5.09 seconds
                        For documentation on this error, please visit: http://seleniumhq.org/exceptions/stale_element_reference.html
                        Build info: version: '2.53.0', revision: '35ae25b1534ae328c771e0856c93e187490ca824', time: '2016-03-15 10:43:46'
                        System info: host: 'King', ip: '10.0.0.140', os.name: 'Windows 8.1', os.arch: 'amd64', os.version: '6.3', java.version: '1.8.0_112'
                        Driver info: org.openqa.selenium.firefox.FirefoxDriver
                        Capabilities [{applicationCacheEnabled=true, rotatable=false, handlesAlerts=true, databaseEnabled=true, version=47.0.2, platform=WINDOWS,
                        nativeEvents=false, acceptSslCerts=true, webStorageEnabled=true, locationContextEnabled=true, browserName=firefox, takesScreenshot=true,
                        javascriptEnabled=true, cssSelectorsEnabled=true}]
                        Session ID: 33fc7167-86e8-43cf-a082-58c7b8ade65e
                        	at sun.reflect.NativeConstructorAccessorImpl.newInstance0(Native Method)
                        	at sun.reflect.NativeConstructorAccessorImpl.newInstance(NativeConstructorAccessorImpl.java:62)
                        	at sun.reflect.DelegatingConstructorAccessorImpl.newInstance(DelegatingConstructorAccessorImpl.java:45)
                        	at java.lang.reflect.Constructor.newInstance(Constructor.java:423)
                        	at org.openqa.selenium.remote.ErrorHandler.createThrowable(ErrorHandler.java:206)
                        	at org.openqa.selenium.remote.ErrorHandler.throwIfResponseFailed(ErrorHandler.java:158)
                        	at org.openqa.selenium.remote.RemoteWebDriver.execute(RemoteWebDriver.java:678)
                        	at org.openqa.selenium.remote.RemoteWebElement.execute(RemoteWebElement.java:327)
                        	at org.openqa.selenium.remote.RemoteWebElement.getText(RemoteWebElement.java:179)
                        	at com.jmoney.luckeylink.handler.CheckActionHandler.webCheck(CheckActionHandler.java:34)
                        	... 18 more
                        Caused by: org.openqa.selenium.StaleElementReferenceException: Element not found in the cache - perhaps the page has changed
                        since it was looked up
                        For documentation on this error, please visit: http://seleniumhq.org/exceptions/stale_element_reference.html
                        Build info: version: '2.53.0', revision: '35ae25b1534ae328c771e0856c93e187490ca824', time: '2016-03-15 10:43:46'
                        System info: host: 'King', ip: '10.0.0.140', os.name: 'Windows 8.1', os.arch: 'amd64', os.version: '6.3', java.version: '1.8.0_112'
                        Driver info: driver.version: unknown
                        	at &lt;anonymous class&gt;.fxdriver.cache.getElementAt(resource://fxdriver/modules/web-element-cache.js:9454)
                        	at &lt;anonymous class&gt;.Utils.getElementAt(file:///C:/Users/King-liu/AppData/Local/Temp/anonymous3490668534934598128webdriver-profile/extensions/fxdriver@googlecode.com/components/command-processor.js:9039)
                        	at &lt;anonymous class&gt;.WebElement.getElementText(file:///C:/Users/King-liu/AppData/Local/Temp/anonymous3490668534934598128webdriver-profile/extensions/fxdriver@googlecode.com/components/command-processor.js:12092)
                        	at &lt;anonymous class&gt;.DelayedCommand.prototype.executeInternal_/h(file:///C:/Users/King-liu/AppData/Local/Temp/anonymous3490668534934598128webdriver-profile/extensions/fxdriver@googlecode.com/components/command-processor.js:12661)
                        	at &lt;anonymous class&gt;.fxdriver.Timer.prototype.setTimeout/&lt;.notify(file:///C:/Users/King-liu/AppData/Local/Temp/anonymous3490668534934598128webdriver-profile/extensions/fxdriver@googlecode.com/components/command-processor.js:625)
                     </pre>
                  </div>
               </td>
            </tr>
            <tr id="TestCases.New_District_Process_case5_byStatus_failed_FAIL2_row"
                class="testMethodStatusFAIL">
               <td width="100%" class="firstMethodCell">
                  <a onclick="toggleDetailsVisibility('TestCases.New_District_Process_case5_byStatus_failed_FAIL2_details')">case5()</a>
               </td>
               <td nowrap="true">11:29:25</td>
               <td nowrap="true" align="right"></td>
               <td nowrap="true">
                  <a onclick="toggleDetailsVisibility('TestCases.New_District_Process_case5_byStatus_failed_FAIL2_exception')">org.testng.internal.thread.ThreadTimeoutException: 
                     Method org.testng.internal.TestNGMethod.case5() didn't finish within the time-out 60000
                     
                  </a>
                   
                  
               </td>
            </tr>
            <tr>
               <td colspan="4"
                   style="padding: 0; background-color: white; border-style: none; height: 0px;">
                  <div id="TestCases.New_District_Process_case5_byStatus_failed_FAIL2_details"
                       class="testMethodDetails">
                     <div>
                        <b>Name:
                           
                        </b>case5
                     </div>
                     <div>
                        <b>Signature:
                           
                        </b>case5()[pri:0, instance:TestCases.New_District_Process@2ed94a8b]
                     </div>
                     <div>
                        <b>Start time:
                           
                        </b>11:29:25
                     </div>
                     <div>
                        <b>End time:
                           
                        </b>11:30:25
                     </div>
                  </div>
               </td>
            </tr>
            <tr>
               <td colspan="4"
                   style="padding: 0; background-color: white; border-style: none; height: 0px;">
                  <div id="TestCases.New_District_Process_case5_byStatus_failed_FAIL2_exception"
                       class="testMethodDetails">
                     <pre style="padding: 5px; margin: 0;">org.testng.internal.thread.ThreadTimeoutException: Method org.testng.internal.TestNGMethod.case5() didn't finish within the
                        time-out 60000
                        	at java.net.SocketInputStream.socketRead0(Native Method)
                        	at java.net.SocketInputStream.socketRead(SocketInputStream.java:116)
                        	at java.net.SocketInputStream.read(SocketInputStream.java:170)
                        	at java.net.SocketInputStream.read(SocketInputStream.java:141)
                        	at org.apache.http.impl.conn.LoggingInputStream.read(LoggingInputStream.java:87)
                        	at org.apache.http.impl.io.SessionInputBufferImpl.streamRead(SessionInputBufferImpl.java:136)
                        	at org.apache.http.impl.io.SessionInputBufferImpl.fillBuffer(SessionInputBufferImpl.java:152)
                        	at org.apache.http.impl.io.SessionInputBufferImpl.readLine(SessionInputBufferImpl.java:270)
                        	at org.apache.http.impl.conn.DefaultHttpResponseParser.parseHead(DefaultHttpResponseParser.java:140)
                        	at org.apache.http.impl.conn.DefaultHttpResponseParser.parseHead(DefaultHttpResponseParser.java:57)
                        	at org.apache.http.impl.io.AbstractMessageParser.parse(AbstractMessageParser.java:260)
                        	at org.apache.http.impl.DefaultBHttpClientConnection.receiveResponseHeader(DefaultBHttpClientConnection.java:161)
                        	at sun.reflect.GeneratedMethodAccessor11.invoke(Unknown Source)
                        	at sun.reflect.DelegatingMethodAccessorImpl.invoke(DelegatingMethodAccessorImpl.java:43)
                        	at java.lang.reflect.Method.invoke(Method.java:498)
                        	at org.apache.http.impl.conn.CPoolProxy.invoke(CPoolProxy.java:138)
                        	at com.sun.proxy.$Proxy5.receiveResponseHeader(Unknown Source)
                        	at org.apache.http.protocol.HttpRequestExecutor.doReceiveResponse(HttpRequestExecutor.java:271)
                        	at org.apache.http.protocol.HttpRequestExecutor.execute(HttpRequestExecutor.java:123)
                        	at org.apache.http.impl.execchain.MainClientExec.execute(MainClientExec.java:254)
                        	at org.apache.http.impl.execchain.ProtocolExec.execute(ProtocolExec.java:195)
                        	at org.apache.http.impl.execchain.RetryExec.execute(RetryExec.java:86)
                        	at org.apache.http.impl.execchain.RedirectExec.execute(RedirectExec.java:108)
                        	at org.apache.http.impl.client.InternalHttpClient.doExecute(InternalHttpClient.java:186)
                        	at org.apache.http.impl.client.CloseableHttpClient.execute(CloseableHttpClient.java:72)
                        	at org.apache.http.impl.client.CloseableHttpClient.execute(CloseableHttpClient.java:57)
                        	at org.openqa.selenium.remote.internal.ApacheHttpClient.fallBackExecute(ApacheHttpClient.java:144)
                        	at org.openqa.selenium.remote.internal.ApacheHttpClient.execute(ApacheHttpClient.java:90)
                        	at org.openqa.selenium.remote.HttpCommandExecutor.execute(HttpCommandExecutor.java:142)
                        	at org.openqa.selenium.firefox.internal.NewProfileExtensionConnection.execute(NewProfileExtensionConnection.java:160)
                        	at org.openqa.selenium.firefox.FirefoxDriver$LazyCommandExecutor.execute(FirefoxDriver.java:380)
                        	at org.openqa.selenium.remote.RemoteWebDriver.execute(RemoteWebDriver.java:644)
                        	at org.openqa.selenium.remote.RemoteWebElement.execute(RemoteWebElement.java:327)
                        	at org.openqa.selenium.remote.RemoteWebElement.click(RemoteWebElement.java:85)
                        	at com.jmoney.luckeylink.handler.ClickActionHandler.webClick(ClickActionHandler.java:37)
                        	at sun.reflect.NativeMethodAccessorImpl.invoke0(Native Method)
                        	at sun.reflect.NativeMethodAccessorImpl.invoke(NativeMethodAccessorImpl.java:62)
                        	at sun.reflect.DelegatingMethodAccessorImpl.invoke(DelegatingMethodAccessorImpl.java:43)
                        	at java.lang.reflect.Method.invoke(Method.java:498)
                        	at com.jmoney.luckeylink.service.RunUnitService.runCase(RunUnitService.java:85)
                        	at TestCases.New_District_Process.case5(New_District_Process.java:49)
                        	at sun.reflect.NativeMethodAccessorImpl.invoke0(Native Method)
                        	at sun.reflect.NativeMethodAccessorImpl.invoke(NativeMethodAccessorImpl.java:62)
                        	at sun.reflect.DelegatingMethodAccessorImpl.invoke(DelegatingMethodAccessorImpl.java:43)
                        	at java.lang.reflect.Method.invoke(Method.java:498)
                        	at org.testng.internal.MethodInvocationHelper.invokeMethod(MethodInvocationHelper.java:86)
                        	at org.testng.internal.InvokeMethodRunnable.runOne(InvokeMethodRunnable.java:54)
                        	at org.testng.internal.InvokeMethodRunnable.run(InvokeMethodRunnable.java:44)
                        	at java.util.concurrent.Executors$RunnableAdapter.call(Executors.java:511)
                        	at java.util.concurrent.FutureTask.run(FutureTask.java:266)
                        	at java.util.concurrent.ThreadPoolExecutor.runWorker(ThreadPoolExecutor.java:1142)
                        	at java.util.concurrent.ThreadPoolExecutor$Worker.run(ThreadPoolExecutor.java:617)
                        	at java.lang.Thread.run(Thread.java:745)
                     </pre>
                  </div>
               </td>
            </tr>
            <tr id="TestCases.New_District_Process_case6_byStatus_failed_FAIL3_row"
                class="testMethodStatusFAIL">
               <td width="100%" class="firstMethodCell">
                  <a onclick="toggleDetailsVisibility('TestCases.New_District_Process_case6_byStatus_failed_FAIL3_details')">case6()</a>
               </td>
               <td nowrap="true">11:30:25</td>
               <td nowrap="true" align="right">8s
                  
               </td>
               <td nowrap="true">
                  <a onclick="toggleDetailsVisibility('TestCases.New_District_Process_case6_byStatus_failed_FAIL3_exception')">java.lang.reflect.InvocationTargetException: </a>
                   
                  
               </td>
            </tr>
            <tr>
               <td colspan="4"
                   style="padding: 0; background-color: white; border-style: none; height: 0px;">
                  <div id="TestCases.New_District_Process_case6_byStatus_failed_FAIL3_details"
                       class="testMethodDetails">
                     <div>
                        <b>Name:
                           
                        </b>case6
                     </div>
                     <div>
                        <b>Signature:
                           
                        </b>case6()[pri:0, instance:TestCases.New_District_Process@2ed94a8b]
                     </div>
                     <div>
                        <b>Start time:
                           
                        </b>11:30:25
                     </div>
                     <div>
                        <b>End time:
                           
                        </b>11:30:33
                     </div>
                     <div>
                        <b>Duration:
                           
                        </b>8s
                        
                     </div>
                  </div>
               </td>
            </tr>
            <tr>
               <td colspan="4"
                   style="padding: 0; background-color: white; border-style: none; height: 0px;">
                  <div id="TestCases.New_District_Process_case6_byStatus_failed_FAIL3_exception"
                       class="testMethodDetails">
                     <pre style="padding: 5px; margin: 0;">java.lang.reflect.InvocationTargetException
                        	at sun.reflect.NativeMethodAccessorImpl.invoke0(Native Method)
                        	at sun.reflect.NativeMethodAccessorImpl.invoke(NativeMethodAccessorImpl.java:62)
                        	at sun.reflect.DelegatingMethodAccessorImpl.invoke(DelegatingMethodAccessorImpl.java:43)
                        	at java.lang.reflect.Method.invoke(Method.java:498)
                        	at com.jmoney.luckeylink.service.RunUnitService.runCase(RunUnitService.java:85)
                        	at TestCases.New_District_Process.case6(New_District_Process.java:54)
                        	at sun.reflect.NativeMethodAccessorImpl.invoke0(Native Method)
                        	at sun.reflect.NativeMethodAccessorImpl.invoke(NativeMethodAccessorImpl.java:62)
                        	at sun.reflect.DelegatingMethodAccessorImpl.invoke(DelegatingMethodAccessorImpl.java:43)
                        	at java.lang.reflect.Method.invoke(Method.java:498)
                        	at org.testng.internal.MethodInvocationHelper.invokeMethod(MethodInvocationHelper.java:86)
                        	at org.testng.internal.InvokeMethodRunnable.runOne(InvokeMethodRunnable.java:54)
                        	at org.testng.internal.InvokeMethodRunnable.run(InvokeMethodRunnable.java:44)
                        	at java.util.concurrent.Executors$RunnableAdapter.call(Executors.java:511)
                        	at java.util.concurrent.FutureTask.run(FutureTask.java:266)
                        	at java.util.concurrent.ThreadPoolExecutor.runWorker(ThreadPoolExecutor.java:1142)
                        	at java.util.concurrent.ThreadPoolExecutor$Worker.run(ThreadPoolExecutor.java:617)
                        	at java.lang.Thread.run(Thread.java:745)
                        Caused by: org.openqa.selenium.remote.UnreachableBrowserException: Error communicating with the remote browser. It may have
                        died.
                        Build info: version: '2.53.0', revision: '35ae25b1534ae328c771e0856c93e187490ca824', time: '2016-03-15 10:43:46'
                        System info: host: 'King', ip: '10.0.0.140', os.name: 'Windows 8.1', os.arch: 'amd64', os.version: '6.3', java.version: '1.8.0_112'
                        Driver info: driver.version: RemoteWebDriver
                        Capabilities [{applicationCacheEnabled=true, rotatable=false, handlesAlerts=true, databaseEnabled=true, version=47.0.2, platform=WINDOWS,
                        nativeEvents=false, acceptSslCerts=true, webStorageEnabled=true, locationContextEnabled=true, browserName=firefox, takesScreenshot=true,
                        javascriptEnabled=true, cssSelectorsEnabled=true}]
                        Session ID: 33fc7167-86e8-43cf-a082-58c7b8ade65e
                        	at org.openqa.selenium.remote.RemoteWebDriver.execute(RemoteWebDriver.java:665)
                        	at org.openqa.selenium.remote.RemoteWebElement.execute(RemoteWebElement.java:327)
                        	at org.openqa.selenium.remote.RemoteWebElement.click(RemoteWebElement.java:85)
                        	at com.jmoney.luckeylink.handler.ClickActionHandler.webClick(ClickActionHandler.java:37)
                        	... 18 more
                        Caused by: org.apache.http.conn.HttpHostConnectException: Connect to 127.0.0.1:7055 [/127.0.0.1] failed: Connection refused:
                        connect
                        	at org.apache.http.impl.conn.HttpClientConnectionOperator.connect(HttpClientConnectionOperator.java:140)
                        	at org.apache.http.impl.conn.PoolingHttpClientConnectionManager.connect(PoolingHttpClientConnectionManager.java:314)
                        	at org.apache.http.impl.execchain.MainClientExec.establishRoute(MainClientExec.java:363)
                        	at org.apache.http.impl.execchain.MainClientExec.execute(MainClientExec.java:219)
                        	at org.apache.http.impl.execchain.ProtocolExec.execute(ProtocolExec.java:195)
                        	at org.apache.http.impl.execchain.RetryExec.execute(RetryExec.java:86)
                        	at org.apache.http.impl.execchain.RedirectExec.execute(RedirectExec.java:108)
                        	at org.apache.http.impl.client.InternalHttpClient.doExecute(InternalHttpClient.java:186)
                        	at org.apache.http.impl.client.CloseableHttpClient.execute(CloseableHttpClient.java:72)
                        	at org.apache.http.impl.client.CloseableHttpClient.execute(CloseableHttpClient.java:57)
                        	at org.openqa.selenium.remote.internal.ApacheHttpClient.fallBackExecute(ApacheHttpClient.java:144)
                        	at org.openqa.selenium.remote.internal.ApacheHttpClient.execute(ApacheHttpClient.java:90)
                        	at org.openqa.selenium.remote.HttpCommandExecutor.execute(HttpCommandExecutor.java:142)
                        	at org.openqa.selenium.firefox.internal.NewProfileExtensionConnection.execute(NewProfileExtensionConnection.java:160)
                        	at org.openqa.selenium.firefox.FirefoxDriver$LazyCommandExecutor.execute(FirefoxDriver.java:380)
                        	at org.openqa.selenium.remote.RemoteWebDriver.execute(RemoteWebDriver.java:644)
                        	... 21 more
                        Caused by: java.net.ConnectException: Connection refused: connect
                        	at java.net.DualStackPlainSocketImpl.waitForConnect(Native Method)
                        	at java.net.DualStackPlainSocketImpl.socketConnect(DualStackPlainSocketImpl.java:85)
                        	at java.net.AbstractPlainSocketImpl.doConnect(AbstractPlainSocketImpl.java:350)
                        	at java.net.AbstractPlainSocketImpl.connectToAddress(AbstractPlainSocketImpl.java:206)
                        	at java.net.AbstractPlainSocketImpl.connect(AbstractPlainSocketImpl.java:188)
                        	at java.net.PlainSocketImpl.connect(PlainSocketImpl.java:172)
                        	at java.net.SocksSocketImpl.connect(SocksSocketImpl.java:392)
                        	at java.net.Socket.connect(Socket.java:589)
                        	at org.apache.http.conn.socket.PlainConnectionSocketFactory.connectSocket(PlainConnectionSocketFactory.java:72)
                        	at org.apache.http.impl.conn.HttpClientConnectionOperator.connect(HttpClientConnectionOperator.java:117)
                        	... 36 more
                     </pre>
                  </div>
               </td>
            </tr>
            <tr id="TestCases.New_District_Process_case7_byStatus_failed_FAIL4_row"
                class="testMethodStatusFAIL">
               <td width="100%" class="firstMethodCell">
                  <a onclick="toggleDetailsVisibility('TestCases.New_District_Process_case7_byStatus_failed_FAIL4_details')">case7()</a>
               </td>
               <td nowrap="true">11:30:33</td>
               <td nowrap="true" align="right">1s
                  
               </td>
               <td nowrap="true">
                  <a onclick="toggleDetailsVisibility('TestCases.New_District_Process_case7_byStatus_failed_FAIL4_exception')">java.lang.reflect.InvocationTargetException: </a>
                   
                  
               </td>
            </tr>
            <tr>
               <td colspan="4"
                   style="padding: 0; background-color: white; border-style: none; height: 0px;">
                  <div id="TestCases.New_District_Process_case7_byStatus_failed_FAIL4_details"
                       class="testMethodDetails">
                     <div>
                        <b>Name:
                           
                        </b>case7
                     </div>
                     <div>
                        <b>Signature:
                           
                        </b>case7()[pri:0, instance:TestCases.New_District_Process@2ed94a8b]
                     </div>
                     <div>
                        <b>Start time:
                           
                        </b>11:30:33
                     </div>
                     <div>
                        <b>End time:
                           
                        </b>11:30:34
                     </div>
                     <div>
                        <b>Duration:
                           
                        </b>1s
                        
                     </div>
                  </div>
               </td>
            </tr>
            <tr>
               <td colspan="4"
                   style="padding: 0; background-color: white; border-style: none; height: 0px;">
                  <div id="TestCases.New_District_Process_case7_byStatus_failed_FAIL4_exception"
                       class="testMethodDetails">
                     <pre style="padding: 5px; margin: 0;">java.lang.reflect.InvocationTargetException
                        	at sun.reflect.NativeMethodAccessorImpl.invoke0(Native Method)
                        	at sun.reflect.NativeMethodAccessorImpl.invoke(NativeMethodAccessorImpl.java:62)
                        	at sun.reflect.DelegatingMethodAccessorImpl.invoke(DelegatingMethodAccessorImpl.java:43)
                        	at java.lang.reflect.Method.invoke(Method.java:498)
                        	at com.jmoney.luckeylink.service.RunUnitService.runCase(RunUnitService.java:85)
                        	at TestCases.New_District_Process.case7(New_District_Process.java:59)
                        	at sun.reflect.NativeMethodAccessorImpl.invoke0(Native Method)
                        	at sun.reflect.NativeMethodAccessorImpl.invoke(NativeMethodAccessorImpl.java:62)
                        	at sun.reflect.DelegatingMethodAccessorImpl.invoke(DelegatingMethodAccessorImpl.java:43)
                        	at java.lang.reflect.Method.invoke(Method.java:498)
                        	at org.testng.internal.MethodInvocationHelper.invokeMethod(MethodInvocationHelper.java:86)
                        	at org.testng.internal.InvokeMethodRunnable.runOne(InvokeMethodRunnable.java:54)
                        	at org.testng.internal.InvokeMethodRunnable.run(InvokeMethodRunnable.java:44)
                        	at java.util.concurrent.Executors$RunnableAdapter.call(Executors.java:511)
                        	at java.util.concurrent.FutureTask.run(FutureTask.java:266)
                        	at java.util.concurrent.ThreadPoolExecutor.runWorker(ThreadPoolExecutor.java:1142)
                        	at java.util.concurrent.ThreadPoolExecutor$Worker.run(ThreadPoolExecutor.java:617)
                        	at java.lang.Thread.run(Thread.java:745)
                        Caused by: org.openqa.selenium.remote.UnreachableBrowserException: Error communicating with the remote browser. It may have
                        died.
                        Build info: version: '2.53.0', revision: '35ae25b1534ae328c771e0856c93e187490ca824', time: '2016-03-15 10:43:46'
                        System info: host: 'King', ip: '10.0.0.140', os.name: 'Windows 8.1', os.arch: 'amd64', os.version: '6.3', java.version: '1.8.0_112'
                        Driver info: driver.version: FirefoxDriver
                        Capabilities [{applicationCacheEnabled=true, rotatable=false, handlesAlerts=true, databaseEnabled=true, version=47.0.2, platform=WINDOWS,
                        nativeEvents=false, acceptSslCerts=true, webStorageEnabled=true, locationContextEnabled=true, browserName=firefox, takesScreenshot=true,
                        javascriptEnabled=true, cssSelectorsEnabled=true}]
                        Session ID: 33fc7167-86e8-43cf-a082-58c7b8ade65e
                        	at org.openqa.selenium.remote.RemoteWebDriver.execute(RemoteWebDriver.java:665)
                        	at org.openqa.selenium.firefox.FirefoxDriver.access$100(FirefoxDriver.java:65)
                        	at org.openqa.selenium.firefox.FirefoxDriver$1$1.implicitlyWait(FirefoxDriver.java:244)
                        	at com.jmoney.luckeylink.handler.ClickActionHandler.webClick(ClickActionHandler.java:36)
                        	... 18 more
                        Caused by: org.apache.http.conn.HttpHostConnectException: Connect to 127.0.0.1:7055 [/127.0.0.1] failed: Connection refused:
                        connect
                        	at org.apache.http.impl.conn.HttpClientConnectionOperator.connect(HttpClientConnectionOperator.java:140)
                        	at org.apache.http.impl.conn.PoolingHttpClientConnectionManager.connect(PoolingHttpClientConnectionManager.java:314)
                        	at org.apache.http.impl.execchain.MainClientExec.establishRoute(MainClientExec.java:363)
                        	at org.apache.http.impl.execchain.MainClientExec.execute(MainClientExec.java:219)
                        	at org.apache.http.impl.execchain.ProtocolExec.execute(ProtocolExec.java:195)
                        	at org.apache.http.impl.execchain.RetryExec.execute(RetryExec.java:86)
                        	at org.apache.http.impl.execchain.RedirectExec.execute(RedirectExec.java:108)
                        	at org.apache.http.impl.client.InternalHttpClient.doExecute(InternalHttpClient.java:186)
                        	at org.apache.http.impl.client.CloseableHttpClient.execute(CloseableHttpClient.java:72)
                        	at org.apache.http.impl.client.CloseableHttpClient.execute(CloseableHttpClient.java:57)
                        	at org.openqa.selenium.remote.internal.ApacheHttpClient.fallBackExecute(ApacheHttpClient.java:144)
                        	at org.openqa.selenium.remote.internal.ApacheHttpClient.execute(ApacheHttpClient.java:90)
                        	at org.openqa.selenium.remote.HttpCommandExecutor.execute(HttpCommandExecutor.java:142)
                        	at org.openqa.selenium.firefox.internal.NewProfileExtensionConnection.execute(NewProfileExtensionConnection.java:160)
                        	at org.openqa.selenium.firefox.FirefoxDriver$LazyCommandExecutor.execute(FirefoxDriver.java:380)
                        	at org.openqa.selenium.remote.RemoteWebDriver.execute(RemoteWebDriver.java:644)
                        	... 21 more
                        Caused by: java.net.ConnectException: Connection refused: connect
                        	at java.net.DualStackPlainSocketImpl.waitForConnect(Native Method)
                        	at java.net.DualStackPlainSocketImpl.socketConnect(DualStackPlainSocketImpl.java:85)
                        	at java.net.AbstractPlainSocketImpl.doConnect(AbstractPlainSocketImpl.java:350)
                        	at java.net.AbstractPlainSocketImpl.connectToAddress(AbstractPlainSocketImpl.java:206)
                        	at java.net.AbstractPlainSocketImpl.connect(AbstractPlainSocketImpl.java:188)
                        	at java.net.PlainSocketImpl.connect(PlainSocketImpl.java:172)
                        	at java.net.SocksSocketImpl.connect(SocksSocketImpl.java:392)
                        	at java.net.Socket.connect(Socket.java:589)
                        	at org.apache.http.conn.socket.PlainConnectionSocketFactory.connectSocket(PlainConnectionSocketFactory.java:72)
                        	at org.apache.http.impl.conn.HttpClientConnectionOperator.connect(HttpClientConnectionOperator.java:117)
                        	... 36 more
                     </pre>
                  </div>
               </td>
            </tr>
            <tr id="TestCases.New_District_Process_case8_byStatus_failed_FAIL5_row"
                class="testMethodStatusFAIL">
               <td width="100%" class="firstMethodCell">
                  <a onclick="toggleDetailsVisibility('TestCases.New_District_Process_case8_byStatus_failed_FAIL5_details')">case8()</a>
               </td>
               <td nowrap="true">11:30:34</td>
               <td nowrap="true" align="right">1s
                  
               </td>
               <td nowrap="true">
                  <a onclick="toggleDetailsVisibility('TestCases.New_District_Process_case8_byStatus_failed_FAIL5_exception')">java.lang.reflect.InvocationTargetException: </a>
                   
                  
               </td>
            </tr>
            <tr>
               <td colspan="4"
                   style="padding: 0; background-color: white; border-style: none; height: 0px;">
                  <div id="TestCases.New_District_Process_case8_byStatus_failed_FAIL5_details"
                       class="testMethodDetails">
                     <div>
                        <b>Name:
                           
                        </b>case8
                     </div>
                     <div>
                        <b>Signature:
                           
                        </b>case8()[pri:0, instance:TestCases.New_District_Process@2ed94a8b]
                     </div>
                     <div>
                        <b>Start time:
                           
                        </b>11:30:34
                     </div>
                     <div>
                        <b>End time:
                           
                        </b>11:30:35
                     </div>
                     <div>
                        <b>Duration:
                           
                        </b>1s
                        
                     </div>
                  </div>
               </td>
            </tr>
            <tr>
               <td colspan="4"
                   style="padding: 0; background-color: white; border-style: none; height: 0px;">
                  <div id="TestCases.New_District_Process_case8_byStatus_failed_FAIL5_exception"
                       class="testMethodDetails">
                     <pre style="padding: 5px; margin: 0;">java.lang.reflect.InvocationTargetException
                        	at sun.reflect.NativeMethodAccessorImpl.invoke0(Native Method)
                        	at sun.reflect.NativeMethodAccessorImpl.invoke(NativeMethodAccessorImpl.java:62)
                        	at sun.reflect.DelegatingMethodAccessorImpl.invoke(DelegatingMethodAccessorImpl.java:43)
                        	at java.lang.reflect.Method.invoke(Method.java:498)
                        	at com.jmoney.luckeylink.service.RunUnitService.runCase(RunUnitService.java:85)
                        	at TestCases.New_District_Process.case8(New_District_Process.java:64)
                        	at sun.reflect.NativeMethodAccessorImpl.invoke0(Native Method)
                        	at sun.reflect.NativeMethodAccessorImpl.invoke(NativeMethodAccessorImpl.java:62)
                        	at sun.reflect.DelegatingMethodAccessorImpl.invoke(DelegatingMethodAccessorImpl.java:43)
                        	at java.lang.reflect.Method.invoke(Method.java:498)
                        	at org.testng.internal.MethodInvocationHelper.invokeMethod(MethodInvocationHelper.java:86)
                        	at org.testng.internal.InvokeMethodRunnable.runOne(InvokeMethodRunnable.java:54)
                        	at org.testng.internal.InvokeMethodRunnable.run(InvokeMethodRunnable.java:44)
                        	at java.util.concurrent.Executors$RunnableAdapter.call(Executors.java:511)
                        	at java.util.concurrent.FutureTask.run(FutureTask.java:266)
                        	at java.util.concurrent.ThreadPoolExecutor.runWorker(ThreadPoolExecutor.java:1142)
                        	at java.util.concurrent.ThreadPoolExecutor$Worker.run(ThreadPoolExecutor.java:617)
                        	at java.lang.Thread.run(Thread.java:745)
                        Caused by: org.openqa.selenium.remote.UnreachableBrowserException: Error communicating with the remote browser. It may have
                        died.
                        Build info: version: '2.53.0', revision: '35ae25b1534ae328c771e0856c93e187490ca824', time: '2016-03-15 10:43:46'
                        System info: host: 'King', ip: '10.0.0.140', os.name: 'Windows 8.1', os.arch: 'amd64', os.version: '6.3', java.version: '1.8.0_112'
                        Driver info: driver.version: FirefoxDriver
                        Capabilities [{applicationCacheEnabled=true, rotatable=false, handlesAlerts=true, databaseEnabled=true, version=47.0.2, platform=WINDOWS,
                        nativeEvents=false, acceptSslCerts=true, webStorageEnabled=true, locationContextEnabled=true, browserName=firefox, takesScreenshot=true,
                        javascriptEnabled=true, cssSelectorsEnabled=true}]
                        Session ID: 33fc7167-86e8-43cf-a082-58c7b8ade65e
                        	at org.openqa.selenium.remote.RemoteWebDriver.execute(RemoteWebDriver.java:665)
                        	at org.openqa.selenium.firefox.FirefoxDriver.access$100(FirefoxDriver.java:65)
                        	at org.openqa.selenium.firefox.FirefoxDriver$1$1.implicitlyWait(FirefoxDriver.java:244)
                        	at com.jmoney.luckeylink.handler.InputActionHandler.webInput(InputActionHandler.java:21)
                        	... 18 more
                        Caused by: org.apache.http.conn.HttpHostConnectException: Connect to 127.0.0.1:7055 [/127.0.0.1] failed: Connection refused:
                        connect
                        	at org.apache.http.impl.conn.HttpClientConnectionOperator.connect(HttpClientConnectionOperator.java:140)
                        	at org.apache.http.impl.conn.PoolingHttpClientConnectionManager.connect(PoolingHttpClientConnectionManager.java:314)
                        	at org.apache.http.impl.execchain.MainClientExec.establishRoute(MainClientExec.java:363)
                        	at org.apache.http.impl.execchain.MainClientExec.execute(MainClientExec.java:219)
                        	at org.apache.http.impl.execchain.ProtocolExec.execute(ProtocolExec.java:195)
                        	at org.apache.http.impl.execchain.RetryExec.execute(RetryExec.java:86)
                        	at org.apache.http.impl.execchain.RedirectExec.execute(RedirectExec.java:108)
                        	at org.apache.http.impl.client.InternalHttpClient.doExecute(InternalHttpClient.java:186)
                        	at org.apache.http.impl.client.CloseableHttpClient.execute(CloseableHttpClient.java:72)
                        	at org.apache.http.impl.client.CloseableHttpClient.execute(CloseableHttpClient.java:57)
                        	at org.openqa.selenium.remote.internal.ApacheHttpClient.fallBackExecute(ApacheHttpClient.java:144)
                        	at org.openqa.selenium.remote.internal.ApacheHttpClient.execute(ApacheHttpClient.java:90)
                        	at org.openqa.selenium.remote.HttpCommandExecutor.execute(HttpCommandExecutor.java:142)
                        	at org.openqa.selenium.firefox.internal.NewProfileExtensionConnection.execute(NewProfileExtensionConnection.java:160)
                        	at org.openqa.selenium.firefox.FirefoxDriver$LazyCommandExecutor.execute(FirefoxDriver.java:380)
                        	at org.openqa.selenium.remote.RemoteWebDriver.execute(RemoteWebDriver.java:644)
                        	... 21 more
                        Caused by: java.net.ConnectException: Connection refused: connect
                        	at java.net.DualStackPlainSocketImpl.waitForConnect(Native Method)
                        	at java.net.DualStackPlainSocketImpl.socketConnect(DualStackPlainSocketImpl.java:85)
                        	at java.net.AbstractPlainSocketImpl.doConnect(AbstractPlainSocketImpl.java:350)
                        	at java.net.AbstractPlainSocketImpl.connectToAddress(AbstractPlainSocketImpl.java:206)
                        	at java.net.AbstractPlainSocketImpl.connect(AbstractPlainSocketImpl.java:188)
                        	at java.net.PlainSocketImpl.connect(PlainSocketImpl.java:172)
                        	at java.net.SocksSocketImpl.connect(SocksSocketImpl.java:392)
                        	at java.net.Socket.connect(Socket.java:589)
                        	at org.apache.http.conn.socket.PlainConnectionSocketFactory.connectSocket(PlainConnectionSocketFactory.java:72)
                        	at org.apache.http.impl.conn.HttpClientConnectionOperator.connect(HttpClientConnectionOperator.java:117)
                        	... 36 more
                     </pre>
                  </div>
               </td>
            </tr>
            <tr id="TestCases.New_District_Process_stup_byStatus_passed_PASS1_row"
                class="testMethodStatusPASS testMethodStatusCONF">
               <td width="100%" class="firstMethodCell">
                  <a onclick="toggleDetailsVisibility('TestCases.New_District_Process_stup_byStatus_passed_PASS1_details')">stup()</a>
               </td>
               <td nowrap="true">11:28:54</td>
               <td nowrap="true" align="right">6s
                  
               </td>
               <td nowrap="true">
                   
                  
               </td>
            </tr>
            <tr>
               <td colspan="4"
                   style="padding: 0; background-color: white; border-style: none; height: 0px;">
                  <div id="TestCases.New_District_Process_stup_byStatus_passed_PASS1_details"
                       class="testMethodDetails">
                     <div>
                        <b>Name:
                           
                        </b>stup
                     </div>
                     <div>
                        <b>Signature:
                           
                        </b>stup()[pri:0, instance:TestCases.New_District_Process@2ed94a8b]
                     </div>
                     <div>
                        <b>Start time:
                           
                        </b>11:28:54
                     </div>
                     <div>
                        <b>End time:
                           
                        </b>11:29:00
                     </div>
                     <div>
                        <b>Duration:
                           
                        </b>6s
                        
                     </div>
                  </div>
               </td>
            </tr>
            <tr></tr>
            <tr id="TestCases.New_District_Process_Precondition_byStatus_passed_PASS2_row"
                class="testMethodStatusPASS">
               <td width="100%" class="firstMethodCell">
                  <a onclick="toggleDetailsVisibility('TestCases.New_District_Process_Precondition_byStatus_passed_PASS2_details')">Precondition()</a>
               </td>
               <td nowrap="true">11:29:00</td>
               <td nowrap="true" align="right">762 ms
                  
               </td>
               <td nowrap="true">
                   
                  
               </td>
            </tr>
            <tr>
               <td colspan="4"
                   style="padding: 0; background-color: white; border-style: none; height: 0px;">
                  <div id="TestCases.New_District_Process_Precondition_byStatus_passed_PASS2_details"
                       class="testMethodDetails">
                     <div>
                        <b>Name:
                           
                        </b>Precondition
                     </div>
                     <div>
                        <b>Signature:
                           
                        </b>Precondition()[pri:0, instance:TestCases.New_District_Process@2ed94a8b]
                     </div>
                     <div>
                        <b>Start time:
                           
                        </b>11:29:00
                     </div>
                     <div>
                        <b>End time:
                           
                        </b>11:29:00
                     </div>
                     <div>
                        <b>Duration:
                           
                        </b>762 ms
                        
                     </div>
                  </div>
               </td>
            </tr>
            <tr></tr>
            <tr id="TestCases.New_District_Process_case1_byStatus_passed_PASS3_row"
                class="testMethodStatusPASS">
               <td width="100%" class="firstMethodCell">
                  <a onclick="toggleDetailsVisibility('TestCases.New_District_Process_case1_byStatus_passed_PASS3_details')">case1()</a>
               </td>
               <td nowrap="true">11:29:00</td>
               <td nowrap="true" align="right">3s
                  
               </td>
               <td nowrap="true">
                   
                  
               </td>
            </tr>
            <tr>
               <td colspan="4"
                   style="padding: 0; background-color: white; border-style: none; height: 0px;">
                  <div id="TestCases.New_District_Process_case1_byStatus_passed_PASS3_details"
                       class="testMethodDetails">
                     <div>
                        <b>Name:
                           
                        </b>case1
                     </div>
                     <div>
                        <b>Signature:
                           
                        </b>case1()[pri:0, instance:TestCases.New_District_Process@2ed94a8b]
                     </div>
                     <div>
                        <b>Start time:
                           
                        </b>11:29:00
                     </div>
                     <div>
                        <b>End time:
                           
                        </b>11:29:04
                     </div>
                     <div>
                        <b>Duration:
                           
                        </b>3s
                        
                     </div>
                  </div>
               </td>
            </tr>
            <tr></tr>
            <tr id="TestCases.New_District_Process_case2_byStatus_passed_PASS4_row"
                class="testMethodStatusPASS">
               <td width="100%" class="firstMethodCell">
                  <a onclick="toggleDetailsVisibility('TestCases.New_District_Process_case2_byStatus_passed_PASS4_details')">case2()</a>
               </td>
               <td nowrap="true">11:29:04</td>
               <td nowrap="true" align="right">6s
                  
               </td>
               <td nowrap="true">
                   
                  
               </td>
            </tr>
            <tr>
               <td colspan="4"
                   style="padding: 0; background-color: white; border-style: none; height: 0px;">
                  <div id="TestCases.New_District_Process_case2_byStatus_passed_PASS4_details"
                       class="testMethodDetails">
                     <div>
                        <b>Name:
                           
                        </b>case2
                     </div>
                     <div>
                        <b>Signature:
                           
                        </b>case2()[pri:0, instance:TestCases.New_District_Process@2ed94a8b]
                     </div>
                     <div>
                        <b>Start time:
                           
                        </b>11:29:04
                     </div>
                     <div>
                        <b>End time:
                           
                        </b>11:29:10
                     </div>
                     <div>
                        <b>Duration:
                           
                        </b>6s
                        
                     </div>
                  </div>
               </td>
            </tr>
            <tr></tr>
            <tr id="TestCases.New_District_Process_case3_byStatus_passed_PASS5_row"
                class="testMethodStatusPASS">
               <td width="100%" class="firstMethodCell">
                  <a onclick="toggleDetailsVisibility('TestCases.New_District_Process_case3_byStatus_passed_PASS5_details')">case3()</a>
               </td>
               <td nowrap="true">11:29:10</td>
               <td nowrap="true" align="right">3s
                  
               </td>
               <td nowrap="true">
                   
                  
               </td>
            </tr>
            <tr>
               <td colspan="4"
                   style="padding: 0; background-color: white; border-style: none; height: 0px;">
                  <div id="TestCases.New_District_Process_case3_byStatus_passed_PASS5_details"
                       class="testMethodDetails">
                     <div>
                        <b>Name:
                           
                        </b>case3
                     </div>
                     <div>
                        <b>Signature:
                           
                        </b>case3()[pri:0, instance:TestCases.New_District_Process@2ed94a8b]
                     </div>
                     <div>
                        <b>Start time:
                           
                        </b>11:29:10
                     </div>
                     <div>
                        <b>End time:
                           
                        </b>11:29:13
                     </div>
                     <div>
                        <b>Duration:
                           
                        </b>3s
                        
                     </div>
                  </div>
               </td>
            </tr>
            <tr></tr>
            <tr id="TestCases.New_District_Process_TearDown_byStatus_passed_PASS6_row"
                class="testMethodStatusPASS testMethodStatusCONF">
               <td width="100%" class="firstMethodCell">
                  <a onclick="toggleDetailsVisibility('TestCases.New_District_Process_TearDown_byStatus_passed_PASS6_details')">TearDown()</a>
               </td>
               <td nowrap="true">11:30:35</td>
               <td nowrap="true" align="right">2s
                  
               </td>
               <td nowrap="true">
                   
                  
               </td>
            </tr>
            <tr>
               <td colspan="4"
                   style="padding: 0; background-color: white; border-style: none; height: 0px;">
                  <div id="TestCases.New_District_Process_TearDown_byStatus_passed_PASS6_details"
                       class="testMethodDetails">
                     <div>
                        <b>Name:
                           
                        </b>TearDown
                     </div>
                     <div>
                        <b>Signature:
                           
                        </b>TearDown()[pri:0, instance:TestCases.New_District_Process@2ed94a8b]
                     </div>
                     <div>
                        <b>Start time:
                           
                        </b>11:30:35
                     </div>
                     <div>
                        <b>End time:
                           
                        </b>11:30:37
                     </div>
                     <div>
                        <b>Duration:
                           
                        </b>2s
                        
                     </div>
                  </div>
               </td>
            </tr>
            <tr></tr>
         </table>
      </div>
      <div id="testMethodsByClass" style="display: none;">
         <table class="testMethodsTable" cellpadding="0" cellspacing="0">
            <tr>
               <td colspan="4">
                  <h3 style="display: inline;">TestCases.New_District_Process</h3>
               </td>
            </tr>
            <tr class="methodsTableHeader">
               <td width="100%">Name</td>
               <td nowrap="true">Started</td>
               <td nowrap="true">Duration</td>
               <td>Exception</td>
            </tr>
            <tr id="TestCases.New_District_Process_stup_byClass_PASS1_row"
                class="testMethodStatusPASS testMethodStatusCONF">
               <td width="100%" class="firstMethodCell">
                  <a onclick="toggleDetailsVisibility('TestCases.New_District_Process_stup_byClass_PASS1_details')">stup()</a>
               </td>
               <td nowrap="true">11:28:54</td>
               <td nowrap="true" align="right">6s
                  
               </td>
               <td nowrap="true">
                   
                  
               </td>
            </tr>
            <tr>
               <td colspan="4"
                   style="padding: 0; background-color: white; border-style: none; height: 0px;">
                  <div id="TestCases.New_District_Process_stup_byClass_PASS1_details"
                       class="testMethodDetails">
                     <div>
                        <b>Name:
                           
                        </b>stup
                     </div>
                     <div>
                        <b>Signature:
                           
                        </b>stup()[pri:0, instance:TestCases.New_District_Process@2ed94a8b]
                     </div>
                     <div>
                        <b>Start time:
                           
                        </b>11:28:54
                     </div>
                     <div>
                        <b>End time:
                           
                        </b>11:29:00
                     </div>
                     <div>
                        <b>Duration:
                           
                        </b>6s
                        
                     </div>
                  </div>
               </td>
            </tr>
            <tr></tr>
            <tr id="TestCases.New_District_Process_Precondition_byClass_PASS2_row"
                class="testMethodStatusPASS">
               <td width="100%" class="firstMethodCell">
                  <a onclick="toggleDetailsVisibility('TestCases.New_District_Process_Precondition_byClass_PASS2_details')">Precondition()</a>
               </td>
               <td nowrap="true">11:29:00</td>
               <td nowrap="true" align="right">762 ms
                  
               </td>
               <td nowrap="true">
                   
                  
               </td>
            </tr>
            <tr>
               <td colspan="4"
                   style="padding: 0; background-color: white; border-style: none; height: 0px;">
                  <div id="TestCases.New_District_Process_Precondition_byClass_PASS2_details"
                       class="testMethodDetails">
                     <div>
                        <b>Name:
                           
                        </b>Precondition
                     </div>
                     <div>
                        <b>Signature:
                           
                        </b>Precondition()[pri:0, instance:TestCases.New_District_Process@2ed94a8b]
                     </div>
                     <div>
                        <b>Start time:
                           
                        </b>11:29:00
                     </div>
                     <div>
                        <b>End time:
                           
                        </b>11:29:00
                     </div>
                     <div>
                        <b>Duration:
                           
                        </b>762 ms
                        
                     </div>
                  </div>
               </td>
            </tr>
            <tr></tr>
            <tr id="TestCases.New_District_Process_case1_byClass_PASS3_row"
                class="testMethodStatusPASS">
               <td width="100%" class="firstMethodCell">
                  <a onclick="toggleDetailsVisibility('TestCases.New_District_Process_case1_byClass_PASS3_details')">case1()</a>
               </td>
               <td nowrap="true">11:29:00</td>
               <td nowrap="true" align="right">3s
                  
               </td>
               <td nowrap="true">
                   
                  
               </td>
            </tr>
            <tr>
               <td colspan="4"
                   style="padding: 0; background-color: white; border-style: none; height: 0px;">
                  <div id="TestCases.New_District_Process_case1_byClass_PASS3_details"
                       class="testMethodDetails">
                     <div>
                        <b>Name:
                           
                        </b>case1
                     </div>
                     <div>
                        <b>Signature:
                           
                        </b>case1()[pri:0, instance:TestCases.New_District_Process@2ed94a8b]
                     </div>
                     <div>
                        <b>Start time:
                           
                        </b>11:29:00
                     </div>
                     <div>
                        <b>End time:
                           
                        </b>11:29:04
                     </div>
                     <div>
                        <b>Duration:
                           
                        </b>3s
                        
                     </div>
                  </div>
               </td>
            </tr>
            <tr></tr>
            <tr id="TestCases.New_District_Process_case2_byClass_PASS4_row"
                class="testMethodStatusPASS">
               <td width="100%" class="firstMethodCell">
                  <a onclick="toggleDetailsVisibility('TestCases.New_District_Process_case2_byClass_PASS4_details')">case2()</a>
               </td>
               <td nowrap="true">11:29:04</td>
               <td nowrap="true" align="right">6s
                  
               </td>
               <td nowrap="true">
                   
                  
               </td>
            </tr>
            <tr>
               <td colspan="4"
                   style="padding: 0; background-color: white; border-style: none; height: 0px;">
                  <div id="TestCases.New_District_Process_case2_byClass_PASS4_details"
                       class="testMethodDetails">
                     <div>
                        <b>Name:
                           
                        </b>case2
                     </div>
                     <div>
                        <b>Signature:
                           
                        </b>case2()[pri:0, instance:TestCases.New_District_Process@2ed94a8b]
                     </div>
                     <div>
                        <b>Start time:
                           
                        </b>11:29:04
                     </div>
                     <div>
                        <b>End time:
                           
                        </b>11:29:10
                     </div>
                     <div>
                        <b>Duration:
                           
                        </b>6s
                        
                     </div>
                  </div>
               </td>
            </tr>
            <tr></tr>
            <tr id="TestCases.New_District_Process_case3_byClass_PASS5_row"
                class="testMethodStatusPASS">
               <td width="100%" class="firstMethodCell">
                  <a onclick="toggleDetailsVisibility('TestCases.New_District_Process_case3_byClass_PASS5_details')">case3()</a>
               </td>
               <td nowrap="true">11:29:10</td>
               <td nowrap="true" align="right">3s
                  
               </td>
               <td nowrap="true">
                   
                  
               </td>
            </tr>
            <tr>
               <td colspan="4"
                   style="padding: 0; background-color: white; border-style: none; height: 0px;">
                  <div id="TestCases.New_District_Process_case3_byClass_PASS5_details"
                       class="testMethodDetails">
                     <div>
                        <b>Name:
                           
                        </b>case3
                     </div>
                     <div>
                        <b>Signature:
                           
                        </b>case3()[pri:0, instance:TestCases.New_District_Process@2ed94a8b]
                     </div>
                     <div>
                        <b>Start time:
                           
                        </b>11:29:10
                     </div>
                     <div>
                        <b>End time:
                           
                        </b>11:29:13
                     </div>
                     <div>
                        <b>Duration:
                           
                        </b>3s
                        
                     </div>
                  </div>
               </td>
            </tr>
            <tr></tr>
            <tr id="TestCases.New_District_Process_case4_byClass_FAIL6_row"
                class="testMethodStatusFAIL">
               <td width="100%" class="firstMethodCell">
                  <a onclick="toggleDetailsVisibility('TestCases.New_District_Process_case4_byClass_FAIL6_details')">case4()</a>
               </td>
               <td nowrap="true">11:29:13</td>
               <td nowrap="true" align="right">12s
                  
               </td>
               <td nowrap="true">
                  <a onclick="toggleDetailsVisibility('TestCases.New_District_Process_case4_byClass_FAIL6_exception')">java.lang.reflect.InvocationTargetException: </a>
                   
                  
               </td>
            </tr>
            <tr>
               <td colspan="4"
                   style="padding: 0; background-color: white; border-style: none; height: 0px;">
                  <div id="TestCases.New_District_Process_case4_byClass_FAIL6_details"
                       class="testMethodDetails">
                     <div>
                        <b>Name:
                           
                        </b>case4
                     </div>
                     <div>
                        <b>Signature:
                           
                        </b>case4()[pri:0, instance:TestCases.New_District_Process@2ed94a8b]
                     </div>
                     <div>
                        <b>Start time:
                           
                        </b>11:29:13
                     </div>
                     <div>
                        <b>End time:
                           
                        </b>11:29:25
                     </div>
                     <div>
                        <b>Duration:
                           
                        </b>12s
                        
                     </div>
                  </div>
               </td>
            </tr>
            <tr>
               <td colspan="4"
                   style="padding: 0; background-color: white; border-style: none; height: 0px;">
                  <div id="TestCases.New_District_Process_case4_byClass_FAIL6_exception"
                       class="testMethodDetails">
                     <pre style="padding: 5px; margin: 0;">java.lang.reflect.InvocationTargetException
                        	at sun.reflect.NativeMethodAccessorImpl.invoke0(Native Method)
                        	at sun.reflect.NativeMethodAccessorImpl.invoke(NativeMethodAccessorImpl.java:62)
                        	at sun.reflect.DelegatingMethodAccessorImpl.invoke(DelegatingMethodAccessorImpl.java:43)
                        	at java.lang.reflect.Method.invoke(Method.java:498)
                        	at com.jmoney.luckeylink.service.RunUnitService.runCase(RunUnitService.java:85)
                        	at TestCases.New_District_Process.case4(New_District_Process.java:44)
                        	at sun.reflect.NativeMethodAccessorImpl.invoke0(Native Method)
                        	at sun.reflect.NativeMethodAccessorImpl.invoke(NativeMethodAccessorImpl.java:62)
                        	at sun.reflect.DelegatingMethodAccessorImpl.invoke(DelegatingMethodAccessorImpl.java:43)
                        	at java.lang.reflect.Method.invoke(Method.java:498)
                        	at org.testng.internal.MethodInvocationHelper.invokeMethod(MethodInvocationHelper.java:86)
                        	at org.testng.internal.InvokeMethodRunnable.runOne(InvokeMethodRunnable.java:54)
                        	at org.testng.internal.InvokeMethodRunnable.run(InvokeMethodRunnable.java:44)
                        	at java.util.concurrent.Executors$RunnableAdapter.call(Executors.java:511)
                        	at java.util.concurrent.FutureTask.run(FutureTask.java:266)
                        	at java.util.concurrent.ThreadPoolExecutor.runWorker(ThreadPoolExecutor.java:1142)
                        	at java.util.concurrent.ThreadPoolExecutor$Worker.run(ThreadPoolExecutor.java:617)
                        	at java.lang.Thread.run(Thread.java:745)
                        Caused by: org.openqa.selenium.StaleElementReferenceException: Element not found in the cache - perhaps the page has changed
                        since it was looked up
                        Command duration or timeout: 5.09 seconds
                        For documentation on this error, please visit: http://seleniumhq.org/exceptions/stale_element_reference.html
                        Build info: version: '2.53.0', revision: '35ae25b1534ae328c771e0856c93e187490ca824', time: '2016-03-15 10:43:46'
                        System info: host: 'King', ip: '10.0.0.140', os.name: 'Windows 8.1', os.arch: 'amd64', os.version: '6.3', java.version: '1.8.0_112'
                        Driver info: org.openqa.selenium.firefox.FirefoxDriver
                        Capabilities [{applicationCacheEnabled=true, rotatable=false, handlesAlerts=true, databaseEnabled=true, version=47.0.2, platform=WINDOWS,
                        nativeEvents=false, acceptSslCerts=true, webStorageEnabled=true, locationContextEnabled=true, browserName=firefox, takesScreenshot=true,
                        javascriptEnabled=true, cssSelectorsEnabled=true}]
                        Session ID: 33fc7167-86e8-43cf-a082-58c7b8ade65e
                        	at sun.reflect.NativeConstructorAccessorImpl.newInstance0(Native Method)
                        	at sun.reflect.NativeConstructorAccessorImpl.newInstance(NativeConstructorAccessorImpl.java:62)
                        	at sun.reflect.DelegatingConstructorAccessorImpl.newInstance(DelegatingConstructorAccessorImpl.java:45)
                        	at java.lang.reflect.Constructor.newInstance(Constructor.java:423)
                        	at org.openqa.selenium.remote.ErrorHandler.createThrowable(ErrorHandler.java:206)
                        	at org.openqa.selenium.remote.ErrorHandler.throwIfResponseFailed(ErrorHandler.java:158)
                        	at org.openqa.selenium.remote.RemoteWebDriver.execute(RemoteWebDriver.java:678)
                        	at org.openqa.selenium.remote.RemoteWebElement.execute(RemoteWebElement.java:327)
                        	at org.openqa.selenium.remote.RemoteWebElement.getText(RemoteWebElement.java:179)
                        	at com.jmoney.luckeylink.handler.CheckActionHandler.webCheck(CheckActionHandler.java:34)
                        	... 18 more
                        Caused by: org.openqa.selenium.StaleElementReferenceException: Element not found in the cache - perhaps the page has changed
                        since it was looked up
                        For documentation on this error, please visit: http://seleniumhq.org/exceptions/stale_element_reference.html
                        Build info: version: '2.53.0', revision: '35ae25b1534ae328c771e0856c93e187490ca824', time: '2016-03-15 10:43:46'
                        System info: host: 'King', ip: '10.0.0.140', os.name: 'Windows 8.1', os.arch: 'amd64', os.version: '6.3', java.version: '1.8.0_112'
                        Driver info: driver.version: unknown
                        	at &lt;anonymous class&gt;.fxdriver.cache.getElementAt(resource://fxdriver/modules/web-element-cache.js:9454)
                        	at &lt;anonymous class&gt;.Utils.getElementAt(file:///C:/Users/King-liu/AppData/Local/Temp/anonymous3490668534934598128webdriver-profile/extensions/fxdriver@googlecode.com/components/command-processor.js:9039)
                        	at &lt;anonymous class&gt;.WebElement.getElementText(file:///C:/Users/King-liu/AppData/Local/Temp/anonymous3490668534934598128webdriver-profile/extensions/fxdriver@googlecode.com/components/command-processor.js:12092)
                        	at &lt;anonymous class&gt;.DelayedCommand.prototype.executeInternal_/h(file:///C:/Users/King-liu/AppData/Local/Temp/anonymous3490668534934598128webdriver-profile/extensions/fxdriver@googlecode.com/components/command-processor.js:12661)
                        	at &lt;anonymous class&gt;.fxdriver.Timer.prototype.setTimeout/&lt;.notify(file:///C:/Users/King-liu/AppData/Local/Temp/anonymous3490668534934598128webdriver-profile/extensions/fxdriver@googlecode.com/components/command-processor.js:625)
                     </pre>
                  </div>
               </td>
            </tr>
            <tr id="TestCases.New_District_Process_case5_byClass_FAIL7_row"
                class="testMethodStatusFAIL">
               <td width="100%" class="firstMethodCell">
                  <a onclick="toggleDetailsVisibility('TestCases.New_District_Process_case5_byClass_FAIL7_details')">case5()</a>
               </td>
               <td nowrap="true">11:29:25</td>
               <td nowrap="true" align="right"></td>
               <td nowrap="true">
                  <a onclick="toggleDetailsVisibility('TestCases.New_District_Process_case5_byClass_FAIL7_exception')">org.testng.internal.thread.ThreadTimeoutException: 
                     Method org.testng.internal.TestNGMethod.case5() didn't finish within the time-out 60000
                     
                  </a>
                   
                  
               </td>
            </tr>
            <tr>
               <td colspan="4"
                   style="padding: 0; background-color: white; border-style: none; height: 0px;">
                  <div id="TestCases.New_District_Process_case5_byClass_FAIL7_details"
                       class="testMethodDetails">
                     <div>
                        <b>Name:
                           
                        </b>case5
                     </div>
                     <div>
                        <b>Signature:
                           
                        </b>case5()[pri:0, instance:TestCases.New_District_Process@2ed94a8b]
                     </div>
                     <div>
                        <b>Start time:
                           
                        </b>11:29:25
                     </div>
                     <div>
                        <b>End time:
                           
                        </b>11:30:25
                     </div>
                  </div>
               </td>
            </tr>
            <tr>
               <td colspan="4"
                   style="padding: 0; background-color: white; border-style: none; height: 0px;">
                  <div id="TestCases.New_District_Process_case5_byClass_FAIL7_exception"
                       class="testMethodDetails">
                     <pre style="padding: 5px; margin: 0;">org.testng.internal.thread.ThreadTimeoutException: Method org.testng.internal.TestNGMethod.case5() didn't finish within the
                        time-out 60000
                        	at java.net.SocketInputStream.socketRead0(Native Method)
                        	at java.net.SocketInputStream.socketRead(SocketInputStream.java:116)
                        	at java.net.SocketInputStream.read(SocketInputStream.java:170)
                        	at java.net.SocketInputStream.read(SocketInputStream.java:141)
                        	at org.apache.http.impl.conn.LoggingInputStream.read(LoggingInputStream.java:87)
                        	at org.apache.http.impl.io.SessionInputBufferImpl.streamRead(SessionInputBufferImpl.java:136)
                        	at org.apache.http.impl.io.SessionInputBufferImpl.fillBuffer(SessionInputBufferImpl.java:152)
                        	at org.apache.http.impl.io.SessionInputBufferImpl.readLine(SessionInputBufferImpl.java:270)
                        	at org.apache.http.impl.conn.DefaultHttpResponseParser.parseHead(DefaultHttpResponseParser.java:140)
                        	at org.apache.http.impl.conn.DefaultHttpResponseParser.parseHead(DefaultHttpResponseParser.java:57)
                        	at org.apache.http.impl.io.AbstractMessageParser.parse(AbstractMessageParser.java:260)
                        	at org.apache.http.impl.DefaultBHttpClientConnection.receiveResponseHeader(DefaultBHttpClientConnection.java:161)
                        	at sun.reflect.GeneratedMethodAccessor11.invoke(Unknown Source)
                        	at sun.reflect.DelegatingMethodAccessorImpl.invoke(DelegatingMethodAccessorImpl.java:43)
                        	at java.lang.reflect.Method.invoke(Method.java:498)
                        	at org.apache.http.impl.conn.CPoolProxy.invoke(CPoolProxy.java:138)
                        	at com.sun.proxy.$Proxy5.receiveResponseHeader(Unknown Source)
                        	at org.apache.http.protocol.HttpRequestExecutor.doReceiveResponse(HttpRequestExecutor.java:271)
                        	at org.apache.http.protocol.HttpRequestExecutor.execute(HttpRequestExecutor.java:123)
                        	at org.apache.http.impl.execchain.MainClientExec.execute(MainClientExec.java:254)
                        	at org.apache.http.impl.execchain.ProtocolExec.execute(ProtocolExec.java:195)
                        	at org.apache.http.impl.execchain.RetryExec.execute(RetryExec.java:86)
                        	at org.apache.http.impl.execchain.RedirectExec.execute(RedirectExec.java:108)
                        	at org.apache.http.impl.client.InternalHttpClient.doExecute(InternalHttpClient.java:186)
                        	at org.apache.http.impl.client.CloseableHttpClient.execute(CloseableHttpClient.java:72)
                        	at org.apache.http.impl.client.CloseableHttpClient.execute(CloseableHttpClient.java:57)
                        	at org.openqa.selenium.remote.internal.ApacheHttpClient.fallBackExecute(ApacheHttpClient.java:144)
                        	at org.openqa.selenium.remote.internal.ApacheHttpClient.execute(ApacheHttpClient.java:90)
                        	at org.openqa.selenium.remote.HttpCommandExecutor.execute(HttpCommandExecutor.java:142)
                        	at org.openqa.selenium.firefox.internal.NewProfileExtensionConnection.execute(NewProfileExtensionConnection.java:160)
                        	at org.openqa.selenium.firefox.FirefoxDriver$LazyCommandExecutor.execute(FirefoxDriver.java:380)
                        	at org.openqa.selenium.remote.RemoteWebDriver.execute(RemoteWebDriver.java:644)
                        	at org.openqa.selenium.remote.RemoteWebElement.execute(RemoteWebElement.java:327)
                        	at org.openqa.selenium.remote.RemoteWebElement.click(RemoteWebElement.java:85)
                        	at com.jmoney.luckeylink.handler.ClickActionHandler.webClick(ClickActionHandler.java:37)
                        	at sun.reflect.NativeMethodAccessorImpl.invoke0(Native Method)
                        	at sun.reflect.NativeMethodAccessorImpl.invoke(NativeMethodAccessorImpl.java:62)
                        	at sun.reflect.DelegatingMethodAccessorImpl.invoke(DelegatingMethodAccessorImpl.java:43)
                        	at java.lang.reflect.Method.invoke(Method.java:498)
                        	at com.jmoney.luckeylink.service.RunUnitService.runCase(RunUnitService.java:85)
                        	at TestCases.New_District_Process.case5(New_District_Process.java:49)
                        	at sun.reflect.NativeMethodAccessorImpl.invoke0(Native Method)
                        	at sun.reflect.NativeMethodAccessorImpl.invoke(NativeMethodAccessorImpl.java:62)
                        	at sun.reflect.DelegatingMethodAccessorImpl.invoke(DelegatingMethodAccessorImpl.java:43)
                        	at java.lang.reflect.Method.invoke(Method.java:498)
                        	at org.testng.internal.MethodInvocationHelper.invokeMethod(MethodInvocationHelper.java:86)
                        	at org.testng.internal.InvokeMethodRunnable.runOne(InvokeMethodRunnable.java:54)
                        	at org.testng.internal.InvokeMethodRunnable.run(InvokeMethodRunnable.java:44)
                        	at java.util.concurrent.Executors$RunnableAdapter.call(Executors.java:511)
                        	at java.util.concurrent.FutureTask.run(FutureTask.java:266)
                        	at java.util.concurrent.ThreadPoolExecutor.runWorker(ThreadPoolExecutor.java:1142)
                        	at java.util.concurrent.ThreadPoolExecutor$Worker.run(ThreadPoolExecutor.java:617)
                        	at java.lang.Thread.run(Thread.java:745)
                     </pre>
                  </div>
               </td>
            </tr>
            <tr id="TestCases.New_District_Process_case6_byClass_FAIL8_row"
                class="testMethodStatusFAIL">
               <td width="100%" class="firstMethodCell">
                  <a onclick="toggleDetailsVisibility('TestCases.New_District_Process_case6_byClass_FAIL8_details')">case6()</a>
               </td>
               <td nowrap="true">11:30:25</td>
               <td nowrap="true" align="right">8s
                  
               </td>
               <td nowrap="true">
                  <a onclick="toggleDetailsVisibility('TestCases.New_District_Process_case6_byClass_FAIL8_exception')">java.lang.reflect.InvocationTargetException: </a>
                   
                  
               </td>
            </tr>
            <tr>
               <td colspan="4"
                   style="padding: 0; background-color: white; border-style: none; height: 0px;">
                  <div id="TestCases.New_District_Process_case6_byClass_FAIL8_details"
                       class="testMethodDetails">
                     <div>
                        <b>Name:
                           
                        </b>case6
                     </div>
                     <div>
                        <b>Signature:
                           
                        </b>case6()[pri:0, instance:TestCases.New_District_Process@2ed94a8b]
                     </div>
                     <div>
                        <b>Start time:
                           
                        </b>11:30:25
                     </div>
                     <div>
                        <b>End time:
                           
                        </b>11:30:33
                     </div>
                     <div>
                        <b>Duration:
                           
                        </b>8s
                        
                     </div>
                  </div>
               </td>
            </tr>
            <tr>
               <td colspan="4"
                   style="padding: 0; background-color: white; border-style: none; height: 0px;">
                  <div id="TestCases.New_District_Process_case6_byClass_FAIL8_exception"
                       class="testMethodDetails">
                     <pre style="padding: 5px; margin: 0;">java.lang.reflect.InvocationTargetException
                        	at sun.reflect.NativeMethodAccessorImpl.invoke0(Native Method)
                        	at sun.reflect.NativeMethodAccessorImpl.invoke(NativeMethodAccessorImpl.java:62)
                        	at sun.reflect.DelegatingMethodAccessorImpl.invoke(DelegatingMethodAccessorImpl.java:43)
                        	at java.lang.reflect.Method.invoke(Method.java:498)
                        	at com.jmoney.luckeylink.service.RunUnitService.runCase(RunUnitService.java:85)
                        	at TestCases.New_District_Process.case6(New_District_Process.java:54)
                        	at sun.reflect.NativeMethodAccessorImpl.invoke0(Native Method)
                        	at sun.reflect.NativeMethodAccessorImpl.invoke(NativeMethodAccessorImpl.java:62)
                        	at sun.reflect.DelegatingMethodAccessorImpl.invoke(DelegatingMethodAccessorImpl.java:43)
                        	at java.lang.reflect.Method.invoke(Method.java:498)
                        	at org.testng.internal.MethodInvocationHelper.invokeMethod(MethodInvocationHelper.java:86)
                        	at org.testng.internal.InvokeMethodRunnable.runOne(InvokeMethodRunnable.java:54)
                        	at org.testng.internal.InvokeMethodRunnable.run(InvokeMethodRunnable.java:44)
                        	at java.util.concurrent.Executors$RunnableAdapter.call(Executors.java:511)
                        	at java.util.concurrent.FutureTask.run(FutureTask.java:266)
                        	at java.util.concurrent.ThreadPoolExecutor.runWorker(ThreadPoolExecutor.java:1142)
                        	at java.util.concurrent.ThreadPoolExecutor$Worker.run(ThreadPoolExecutor.java:617)
                        	at java.lang.Thread.run(Thread.java:745)
                        Caused by: org.openqa.selenium.remote.UnreachableBrowserException: Error communicating with the remote browser. It may have
                        died.
                        Build info: version: '2.53.0', revision: '35ae25b1534ae328c771e0856c93e187490ca824', time: '2016-03-15 10:43:46'
                        System info: host: 'King', ip: '10.0.0.140', os.name: 'Windows 8.1', os.arch: 'amd64', os.version: '6.3', java.version: '1.8.0_112'
                        Driver info: driver.version: RemoteWebDriver
                        Capabilities [{applicationCacheEnabled=true, rotatable=false, handlesAlerts=true, databaseEnabled=true, version=47.0.2, platform=WINDOWS,
                        nativeEvents=false, acceptSslCerts=true, webStorageEnabled=true, locationContextEnabled=true, browserName=firefox, takesScreenshot=true,
                        javascriptEnabled=true, cssSelectorsEnabled=true}]
                        Session ID: 33fc7167-86e8-43cf-a082-58c7b8ade65e
                        	at org.openqa.selenium.remote.RemoteWebDriver.execute(RemoteWebDriver.java:665)
                        	at org.openqa.selenium.remote.RemoteWebElement.execute(RemoteWebElement.java:327)
                        	at org.openqa.selenium.remote.RemoteWebElement.click(RemoteWebElement.java:85)
                        	at com.jmoney.luckeylink.handler.ClickActionHandler.webClick(ClickActionHandler.java:37)
                        	... 18 more
                        Caused by: org.apache.http.conn.HttpHostConnectException: Connect to 127.0.0.1:7055 [/127.0.0.1] failed: Connection refused:
                        connect
                        	at org.apache.http.impl.conn.HttpClientConnectionOperator.connect(HttpClientConnectionOperator.java:140)
                        	at org.apache.http.impl.conn.PoolingHttpClientConnectionManager.connect(PoolingHttpClientConnectionManager.java:314)
                        	at org.apache.http.impl.execchain.MainClientExec.establishRoute(MainClientExec.java:363)
                        	at org.apache.http.impl.execchain.MainClientExec.execute(MainClientExec.java:219)
                        	at org.apache.http.impl.execchain.ProtocolExec.execute(ProtocolExec.java:195)
                        	at org.apache.http.impl.execchain.RetryExec.execute(RetryExec.java:86)
                        	at org.apache.http.impl.execchain.RedirectExec.execute(RedirectExec.java:108)
                        	at org.apache.http.impl.client.InternalHttpClient.doExecute(InternalHttpClient.java:186)
                        	at org.apache.http.impl.client.CloseableHttpClient.execute(CloseableHttpClient.java:72)
                        	at org.apache.http.impl.client.CloseableHttpClient.execute(CloseableHttpClient.java:57)
                        	at org.openqa.selenium.remote.internal.ApacheHttpClient.fallBackExecute(ApacheHttpClient.java:144)
                        	at org.openqa.selenium.remote.internal.ApacheHttpClient.execute(ApacheHttpClient.java:90)
                        	at org.openqa.selenium.remote.HttpCommandExecutor.execute(HttpCommandExecutor.java:142)
                        	at org.openqa.selenium.firefox.internal.NewProfileExtensionConnection.execute(NewProfileExtensionConnection.java:160)
                        	at org.openqa.selenium.firefox.FirefoxDriver$LazyCommandExecutor.execute(FirefoxDriver.java:380)
                        	at org.openqa.selenium.remote.RemoteWebDriver.execute(RemoteWebDriver.java:644)
                        	... 21 more
                        Caused by: java.net.ConnectException: Connection refused: connect
                        	at java.net.DualStackPlainSocketImpl.waitForConnect(Native Method)
                        	at java.net.DualStackPlainSocketImpl.socketConnect(DualStackPlainSocketImpl.java:85)
                        	at java.net.AbstractPlainSocketImpl.doConnect(AbstractPlainSocketImpl.java:350)
                        	at java.net.AbstractPlainSocketImpl.connectToAddress(AbstractPlainSocketImpl.java:206)
                        	at java.net.AbstractPlainSocketImpl.connect(AbstractPlainSocketImpl.java:188)
                        	at java.net.PlainSocketImpl.connect(PlainSocketImpl.java:172)
                        	at java.net.SocksSocketImpl.connect(SocksSocketImpl.java:392)
                        	at java.net.Socket.connect(Socket.java:589)
                        	at org.apache.http.conn.socket.PlainConnectionSocketFactory.connectSocket(PlainConnectionSocketFactory.java:72)
                        	at org.apache.http.impl.conn.HttpClientConnectionOperator.connect(HttpClientConnectionOperator.java:117)
                        	... 36 more
                     </pre>
                  </div>
               </td>
            </tr>
            <tr id="TestCases.New_District_Process_case7_byClass_FAIL9_row"
                class="testMethodStatusFAIL">
               <td width="100%" class="firstMethodCell">
                  <a onclick="toggleDetailsVisibility('TestCases.New_District_Process_case7_byClass_FAIL9_details')">case7()</a>
               </td>
               <td nowrap="true">11:30:33</td>
               <td nowrap="true" align="right">1s
                  
               </td>
               <td nowrap="true">
                  <a onclick="toggleDetailsVisibility('TestCases.New_District_Process_case7_byClass_FAIL9_exception')">java.lang.reflect.InvocationTargetException: </a>
                   
                  
               </td>
            </tr>
            <tr>
               <td colspan="4"
                   style="padding: 0; background-color: white; border-style: none; height: 0px;">
                  <div id="TestCases.New_District_Process_case7_byClass_FAIL9_details"
                       class="testMethodDetails">
                     <div>
                        <b>Name:
                           
                        </b>case7
                     </div>
                     <div>
                        <b>Signature:
                           
                        </b>case7()[pri:0, instance:TestCases.New_District_Process@2ed94a8b]
                     </div>
                     <div>
                        <b>Start time:
                           
                        </b>11:30:33
                     </div>
                     <div>
                        <b>End time:
                           
                        </b>11:30:34
                     </div>
                     <div>
                        <b>Duration:
                           
                        </b>1s
                        
                     </div>
                  </div>
               </td>
            </tr>
            <tr>
               <td colspan="4"
                   style="padding: 0; background-color: white; border-style: none; height: 0px;">
                  <div id="TestCases.New_District_Process_case7_byClass_FAIL9_exception"
                       class="testMethodDetails">
                     <pre style="padding: 5px; margin: 0;">java.lang.reflect.InvocationTargetException
                        	at sun.reflect.NativeMethodAccessorImpl.invoke0(Native Method)
                        	at sun.reflect.NativeMethodAccessorImpl.invoke(NativeMethodAccessorImpl.java:62)
                        	at sun.reflect.DelegatingMethodAccessorImpl.invoke(DelegatingMethodAccessorImpl.java:43)
                        	at java.lang.reflect.Method.invoke(Method.java:498)
                        	at com.jmoney.luckeylink.service.RunUnitService.runCase(RunUnitService.java:85)
                        	at TestCases.New_District_Process.case7(New_District_Process.java:59)
                        	at sun.reflect.NativeMethodAccessorImpl.invoke0(Native Method)
                        	at sun.reflect.NativeMethodAccessorImpl.invoke(NativeMethodAccessorImpl.java:62)
                        	at sun.reflect.DelegatingMethodAccessorImpl.invoke(DelegatingMethodAccessorImpl.java:43)
                        	at java.lang.reflect.Method.invoke(Method.java:498)
                        	at org.testng.internal.MethodInvocationHelper.invokeMethod(MethodInvocationHelper.java:86)
                        	at org.testng.internal.InvokeMethodRunnable.runOne(InvokeMethodRunnable.java:54)
                        	at org.testng.internal.InvokeMethodRunnable.run(InvokeMethodRunnable.java:44)
                        	at java.util.concurrent.Executors$RunnableAdapter.call(Executors.java:511)
                        	at java.util.concurrent.FutureTask.run(FutureTask.java:266)
                        	at java.util.concurrent.ThreadPoolExecutor.runWorker(ThreadPoolExecutor.java:1142)
                        	at java.util.concurrent.ThreadPoolExecutor$Worker.run(ThreadPoolExecutor.java:617)
                        	at java.lang.Thread.run(Thread.java:745)
                        Caused by: org.openqa.selenium.remote.UnreachableBrowserException: Error communicating with the remote browser. It may have
                        died.
                        Build info: version: '2.53.0', revision: '35ae25b1534ae328c771e0856c93e187490ca824', time: '2016-03-15 10:43:46'
                        System info: host: 'King', ip: '10.0.0.140', os.name: 'Windows 8.1', os.arch: 'amd64', os.version: '6.3', java.version: '1.8.0_112'
                        Driver info: driver.version: FirefoxDriver
                        Capabilities [{applicationCacheEnabled=true, rotatable=false, handlesAlerts=true, databaseEnabled=true, version=47.0.2, platform=WINDOWS,
                        nativeEvents=false, acceptSslCerts=true, webStorageEnabled=true, locationContextEnabled=true, browserName=firefox, takesScreenshot=true,
                        javascriptEnabled=true, cssSelectorsEnabled=true}]
                        Session ID: 33fc7167-86e8-43cf-a082-58c7b8ade65e
                        	at org.openqa.selenium.remote.RemoteWebDriver.execute(RemoteWebDriver.java:665)
                        	at org.openqa.selenium.firefox.FirefoxDriver.access$100(FirefoxDriver.java:65)
                        	at org.openqa.selenium.firefox.FirefoxDriver$1$1.implicitlyWait(FirefoxDriver.java:244)
                        	at com.jmoney.luckeylink.handler.ClickActionHandler.webClick(ClickActionHandler.java:36)
                        	... 18 more
                        Caused by: org.apache.http.conn.HttpHostConnectException: Connect to 127.0.0.1:7055 [/127.0.0.1] failed: Connection refused:
                        connect
                        	at org.apache.http.impl.conn.HttpClientConnectionOperator.connect(HttpClientConnectionOperator.java:140)
                        	at org.apache.http.impl.conn.PoolingHttpClientConnectionManager.connect(PoolingHttpClientConnectionManager.java:314)
                        	at org.apache.http.impl.execchain.MainClientExec.establishRoute(MainClientExec.java:363)
                        	at org.apache.http.impl.execchain.MainClientExec.execute(MainClientExec.java:219)
                        	at org.apache.http.impl.execchain.ProtocolExec.execute(ProtocolExec.java:195)
                        	at org.apache.http.impl.execchain.RetryExec.execute(RetryExec.java:86)
                        	at org.apache.http.impl.execchain.RedirectExec.execute(RedirectExec.java:108)
                        	at org.apache.http.impl.client.InternalHttpClient.doExecute(InternalHttpClient.java:186)
                        	at org.apache.http.impl.client.CloseableHttpClient.execute(CloseableHttpClient.java:72)
                        	at org.apache.http.impl.client.CloseableHttpClient.execute(CloseableHttpClient.java:57)
                        	at org.openqa.selenium.remote.internal.ApacheHttpClient.fallBackExecute(ApacheHttpClient.java:144)
                        	at org.openqa.selenium.remote.internal.ApacheHttpClient.execute(ApacheHttpClient.java:90)
                        	at org.openqa.selenium.remote.HttpCommandExecutor.execute(HttpCommandExecutor.java:142)
                        	at org.openqa.selenium.firefox.internal.NewProfileExtensionConnection.execute(NewProfileExtensionConnection.java:160)
                        	at org.openqa.selenium.firefox.FirefoxDriver$LazyCommandExecutor.execute(FirefoxDriver.java:380)
                        	at org.openqa.selenium.remote.RemoteWebDriver.execute(RemoteWebDriver.java:644)
                        	... 21 more
                        Caused by: java.net.ConnectException: Connection refused: connect
                        	at java.net.DualStackPlainSocketImpl.waitForConnect(Native Method)
                        	at java.net.DualStackPlainSocketImpl.socketConnect(DualStackPlainSocketImpl.java:85)
                        	at java.net.AbstractPlainSocketImpl.doConnect(AbstractPlainSocketImpl.java:350)
                        	at java.net.AbstractPlainSocketImpl.connectToAddress(AbstractPlainSocketImpl.java:206)
                        	at java.net.AbstractPlainSocketImpl.connect(AbstractPlainSocketImpl.java:188)
                        	at java.net.PlainSocketImpl.connect(PlainSocketImpl.java:172)
                        	at java.net.SocksSocketImpl.connect(SocksSocketImpl.java:392)
                        	at java.net.Socket.connect(Socket.java:589)
                        	at org.apache.http.conn.socket.PlainConnectionSocketFactory.connectSocket(PlainConnectionSocketFactory.java:72)
                        	at org.apache.http.impl.conn.HttpClientConnectionOperator.connect(HttpClientConnectionOperator.java:117)
                        	... 36 more
                     </pre>
                  </div>
               </td>
            </tr>
            <tr id="TestCases.New_District_Process_case8_byClass_FAIL10_row"
                class="testMethodStatusFAIL">
               <td width="100%" class="firstMethodCell">
                  <a onclick="toggleDetailsVisibility('TestCases.New_District_Process_case8_byClass_FAIL10_details')">case8()</a>
               </td>
               <td nowrap="true">11:30:34</td>
               <td nowrap="true" align="right">1s
                  
               </td>
               <td nowrap="true">
                  <a onclick="toggleDetailsVisibility('TestCases.New_District_Process_case8_byClass_FAIL10_exception')">java.lang.reflect.InvocationTargetException: </a>
                   
                  
               </td>
            </tr>
            <tr>
               <td colspan="4"
                   style="padding: 0; background-color: white; border-style: none; height: 0px;">
                  <div id="TestCases.New_District_Process_case8_byClass_FAIL10_details"
                       class="testMethodDetails">
                     <div>
                        <b>Name:
                           
                        </b>case8
                     </div>
                     <div>
                        <b>Signature:
                           
                        </b>case8()[pri:0, instance:TestCases.New_District_Process@2ed94a8b]
                     </div>
                     <div>
                        <b>Start time:
                           
                        </b>11:30:34
                     </div>
                     <div>
                        <b>End time:
                           
                        </b>11:30:35
                     </div>
                     <div>
                        <b>Duration:
                           
                        </b>1s
                        
                     </div>
                  </div>
               </td>
            </tr>
            <tr>
               <td colspan="4"
                   style="padding: 0; background-color: white; border-style: none; height: 0px;">
                  <div id="TestCases.New_District_Process_case8_byClass_FAIL10_exception"
                       class="testMethodDetails">
                     <pre style="padding: 5px; margin: 0;">java.lang.reflect.InvocationTargetException
                        	at sun.reflect.NativeMethodAccessorImpl.invoke0(Native Method)
                        	at sun.reflect.NativeMethodAccessorImpl.invoke(NativeMethodAccessorImpl.java:62)
                        	at sun.reflect.DelegatingMethodAccessorImpl.invoke(DelegatingMethodAccessorImpl.java:43)
                        	at java.lang.reflect.Method.invoke(Method.java:498)
                        	at com.jmoney.luckeylink.service.RunUnitService.runCase(RunUnitService.java:85)
                        	at TestCases.New_District_Process.case8(New_District_Process.java:64)
                        	at sun.reflect.NativeMethodAccessorImpl.invoke0(Native Method)
                        	at sun.reflect.NativeMethodAccessorImpl.invoke(NativeMethodAccessorImpl.java:62)
                        	at sun.reflect.DelegatingMethodAccessorImpl.invoke(DelegatingMethodAccessorImpl.java:43)
                        	at java.lang.reflect.Method.invoke(Method.java:498)
                        	at org.testng.internal.MethodInvocationHelper.invokeMethod(MethodInvocationHelper.java:86)
                        	at org.testng.internal.InvokeMethodRunnable.runOne(InvokeMethodRunnable.java:54)
                        	at org.testng.internal.InvokeMethodRunnable.run(InvokeMethodRunnable.java:44)
                        	at java.util.concurrent.Executors$RunnableAdapter.call(Executors.java:511)
                        	at java.util.concurrent.FutureTask.run(FutureTask.java:266)
                        	at java.util.concurrent.ThreadPoolExecutor.runWorker(ThreadPoolExecutor.java:1142)
                        	at java.util.concurrent.ThreadPoolExecutor$Worker.run(ThreadPoolExecutor.java:617)
                        	at java.lang.Thread.run(Thread.java:745)
                        Caused by: org.openqa.selenium.remote.UnreachableBrowserException: Error communicating with the remote browser. It may have
                        died.
                        Build info: version: '2.53.0', revision: '35ae25b1534ae328c771e0856c93e187490ca824', time: '2016-03-15 10:43:46'
                        System info: host: 'King', ip: '10.0.0.140', os.name: 'Windows 8.1', os.arch: 'amd64', os.version: '6.3', java.version: '1.8.0_112'
                        Driver info: driver.version: FirefoxDriver
                        Capabilities [{applicationCacheEnabled=true, rotatable=false, handlesAlerts=true, databaseEnabled=true, version=47.0.2, platform=WINDOWS,
                        nativeEvents=false, acceptSslCerts=true, webStorageEnabled=true, locationContextEnabled=true, browserName=firefox, takesScreenshot=true,
                        javascriptEnabled=true, cssSelectorsEnabled=true}]
                        Session ID: 33fc7167-86e8-43cf-a082-58c7b8ade65e
                        	at org.openqa.selenium.remote.RemoteWebDriver.execute(RemoteWebDriver.java:665)
                        	at org.openqa.selenium.firefox.FirefoxDriver.access$100(FirefoxDriver.java:65)
                        	at org.openqa.selenium.firefox.FirefoxDriver$1$1.implicitlyWait(FirefoxDriver.java:244)
                        	at com.jmoney.luckeylink.handler.InputActionHandler.webInput(InputActionHandler.java:21)
                        	... 18 more
                        Caused by: org.apache.http.conn.HttpHostConnectException: Connect to 127.0.0.1:7055 [/127.0.0.1] failed: Connection refused:
                        connect
                        	at org.apache.http.impl.conn.HttpClientConnectionOperator.connect(HttpClientConnectionOperator.java:140)
                        	at org.apache.http.impl.conn.PoolingHttpClientConnectionManager.connect(PoolingHttpClientConnectionManager.java:314)
                        	at org.apache.http.impl.execchain.MainClientExec.establishRoute(MainClientExec.java:363)
                        	at org.apache.http.impl.execchain.MainClientExec.execute(MainClientExec.java:219)
                        	at org.apache.http.impl.execchain.ProtocolExec.execute(ProtocolExec.java:195)
                        	at org.apache.http.impl.execchain.RetryExec.execute(RetryExec.java:86)
                        	at org.apache.http.impl.execchain.RedirectExec.execute(RedirectExec.java:108)
                        	at org.apache.http.impl.client.InternalHttpClient.doExecute(InternalHttpClient.java:186)
                        	at org.apache.http.impl.client.CloseableHttpClient.execute(CloseableHttpClient.java:72)
                        	at org.apache.http.impl.client.CloseableHttpClient.execute(CloseableHttpClient.java:57)
                        	at org.openqa.selenium.remote.internal.ApacheHttpClient.fallBackExecute(ApacheHttpClient.java:144)
                        	at org.openqa.selenium.remote.internal.ApacheHttpClient.execute(ApacheHttpClient.java:90)
                        	at org.openqa.selenium.remote.HttpCommandExecutor.execute(HttpCommandExecutor.java:142)
                        	at org.openqa.selenium.firefox.internal.NewProfileExtensionConnection.execute(NewProfileExtensionConnection.java:160)
                        	at org.openqa.selenium.firefox.FirefoxDriver$LazyCommandExecutor.execute(FirefoxDriver.java:380)
                        	at org.openqa.selenium.remote.RemoteWebDriver.execute(RemoteWebDriver.java:644)
                        	... 21 more
                        Caused by: java.net.ConnectException: Connection refused: connect
                        	at java.net.DualStackPlainSocketImpl.waitForConnect(Native Method)
                        	at java.net.DualStackPlainSocketImpl.socketConnect(DualStackPlainSocketImpl.java:85)
                        	at java.net.AbstractPlainSocketImpl.doConnect(AbstractPlainSocketImpl.java:350)
                        	at java.net.AbstractPlainSocketImpl.connectToAddress(AbstractPlainSocketImpl.java:206)
                        	at java.net.AbstractPlainSocketImpl.connect(AbstractPlainSocketImpl.java:188)
                        	at java.net.PlainSocketImpl.connect(PlainSocketImpl.java:172)
                        	at java.net.SocksSocketImpl.connect(SocksSocketImpl.java:392)
                        	at java.net.Socket.connect(Socket.java:589)
                        	at org.apache.http.conn.socket.PlainConnectionSocketFactory.connectSocket(PlainConnectionSocketFactory.java:72)
                        	at org.apache.http.impl.conn.HttpClientConnectionOperator.connect(HttpClientConnectionOperator.java:117)
                        	... 36 more
                     </pre>
                  </div>
               </td>
            </tr>
            <tr id="TestCases.New_District_Process_TearDown_byClass_PASS11_row"
                class="testMethodStatusPASS testMethodStatusCONF">
               <td width="100%" class="firstMethodCell">
                  <a onclick="toggleDetailsVisibility('TestCases.New_District_Process_TearDown_byClass_PASS11_details')">TearDown()</a>
               </td>
               <td nowrap="true">11:30:35</td>
               <td nowrap="true" align="right">2s
                  
               </td>
               <td nowrap="true">
                   
                  
               </td>
            </tr>
            <tr>
               <td colspan="4"
                   style="padding: 0; background-color: white; border-style: none; height: 0px;">
                  <div id="TestCases.New_District_Process_TearDown_byClass_PASS11_details"
                       class="testMethodDetails">
                     <div>
                        <b>Name:
                           
                        </b>TearDown
                     </div>
                     <div>
                        <b>Signature:
                           
                        </b>TearDown()[pri:0, instance:TestCases.New_District_Process@2ed94a8b]
                     </div>
                     <div>
                        <b>Start time:
                           
                        </b>11:30:35
                     </div>
                     <div>
                        <b>End time:
                           
                        </b>11:30:37
                     </div>
                     <div>
                        <b>Duration:
                           
                        </b>2s
                        
                     </div>
                  </div>
               </td>
            </tr>
            <tr></tr>
         </table>
         <br></br>
      </div>
      <div style="margin-top: 15px; color: gray; text-align: center; font-size: 9px;">
         Generated with
         
         <a href="http://code.google.com/p/testng-xslt/" style="color: #8888aa;"
            target="_blank">
            TestNG XSLT
            
         </a>
      </div>
   </body>
</html>