

<!DOCTYPE html>
<html>

<head>
	<meta charset='utf-8' /> 
	<meta name='description' content='' />
	<meta name='robots' content='noodp, noydir' />
	<meta name='viewport' content='width=device-width, initial-scale=1' />

	<link href='https://fonts.googleapis.com/css?family=Source+Sans+Pro:400,600' rel='stylesheet' type='text/css'>
	<link href="https://fonts.googleapis.com/icon?family=Material+Icons" rel="stylesheet">
	
		<link href='https://cdn.rawgit.com/anshooarora/extentreports-java/9fa70d0ed9c34a8ed445ceee3494d3d7de7f8918/dist/css/extent.css' type='text/css' rel='stylesheet' />
	
	<title>Selenium自动化测试报告</title>

	<style type='text/css'>
		.node.level-1  ul{ display:none;} .node.level-1.active ul{display:block;}
	</style>
</head>
	<body class='extent standard default hide-overflow '>
		<div id='theme-selector' alt='Click to toggle theme. To enable by default, use theme configuration.' title='Click to toggle theme. To enable by default, use theme configuration.'>
			<span><i class='material-icons'>desktop_windows</i></span>
		</div>

<nav>
	<div class="nav-wrapper">
		<a href="#!" class="brand-logo blue darken-3">Extent</a>

		<!-- slideout menu -->
		<ul id='slide-out' class='side-nav fixed hide-on-med-and-down'>
			<li class='waves-effect active'><a href='#!' view='test-view' onclick="configureView(0);chartsView('test');"><i class='material-icons'>dashboard</i></a></li>
						<li class='waves-effect'><a href='#!' view='category-view' onclick="configureView(1)"><i class='material-icons'>label_outline</i></a></li>
			<li class='waves-effect'><a href='#!' view='exception-view' onclick="configureView(2)"><i class='material-icons'>bug_report</i></a></li>
			<li class='waves-effect'><a href='#!' onclick="configureView(-1);chartsView('dashboard');" view='dashboard-view'><i class='material-icons'>track_changes</i></i></a></li>
			<li class='waves-effect'><a href='#!' onclick="configureView(-1)" view='testrunner-logs-view'><i class='material-icons'>note</i></a></li>
		</ul>

		<!-- report name -->
		<span class='report-name'>Selenium测试报告</span>
		
		<!-- report headline -->
		<span class='report-headline'></span>

		<!-- nav-right -->
		<ul id='nav-mobile' class='right hide-on-med-and-down nav-right'>
			<a href='#!'>
				<span class='label suite-start-time'>Jan 16, 2020 2:58:30 PM</span>
			</a>
			<a href='#!'>
				<span class='label'>v3.0.3</span>
			</a>
		</ul>
	</div>
</nav>
		<!-- container -->
		<div class='container'>

<div id='test-view' class='view'>
				
	<section id='controls'>
		<div class='controls grey lighten-4'>
			<!-- test toggle -->
			<div class='chip transparent'>
				<a class='dropdown-button tests-toggle' data-activates='tests-toggle' data-constrainwidth='true' data-beloworigin='true' data-hover='true' href='#'>
					<i class='material-icons'>warning</i> Status
				</a>
				<ul id='tests-toggle' class='dropdown-content'>
											<li status='pass'><a href='#!'>Pass <i class='material-icons green-text'>check_circle</i></a></li>
						<li status='fail'><a href='#!'>Fail <i class='material-icons red-text'>cancel</i></a></li>
					<li class='divider'></li>
					<li status='clear' clear='true'><a href='#!'>Clear Filters <i class='material-icons'>clear</i></a></li>
				</ul>
			</div>
			<!-- test toggle -->

			<!-- category toggle -->
			<div class='chip transparent'>
				<a class='dropdown-button category-toggle' data-activates='category-toggle' data-constrainwidth='false' data-beloworigin='true' data-hover='true' href='#'>
					<i class='material-icons'>local_offer</i> Category
				</a>
				<ul id='category-toggle' class='dropdown-content'>
					<li><a href='#'>Selenium测试报告</a></li>
					<li><a href='#'>谷歌-搜索自动化测试系统流程</a></li>
					<li><a href='#'>火狐-搜索自动化测试系统流程</a></li>
					<li class='divider'></li>
					<li class='clear'><a href='#!' clear='true'>Clear Filters</a></li>
				</ul>
			</div>
			<!-- category toggle -->

			<!-- clear filters -->
			<div class='chip transparent hide'>
				<a class='' id='clear-filters' alt='Clear Filters' title='Clear Filters'>
					<i class='material-icons'>close</i> Clear
				</a>
			</div>
			<!-- clear filters -->

			<!-- enable dashboard -->
			<div id='toggle-test-view-charts' class='chip transparent'>
				<a class='pink-text' id='enable-dashboard' alt='Enable Dashboard' title='Enable Dashboard'>
					<i class='material-icons'>track_changes</i> Dashboard
				</a>
			</div>
			<!-- enable dashboard -->

			<!-- search -->
			<div class='chip transparent' alt='Search Tests' title='Search Tests'>
				<a href="#" class='search-div'>
					<i class='material-icons'>search</i> Search
				</a>

				<div class='input-field left hide'>
					<input id='search-tests' type='text' class='validate browser-default' placeholder='Search Tests...'>
				</div>
				
			</div>
			<!-- search -->
		</div>
	</section>


<div id='test-view-charts' class='subview-full'>
	<div id='charts-row' class='row nm-v nm-h'>
		<div class='col s12 m6 l6 np-h'>
			<div class='card-panel nm-v'>
				<div class='left panel-name'>Tests</div>
				<div class='chart-box'>
					<canvas id='parent-analysis' width='100' height='80'></canvas>
				</div>
				<div class='block text-small'>
					<span><span class='strong'>2</span> test(s) passed</span>
				</div>
				<div class='block text-small'>
					<span class='strong'>2</span> test(s) failed, <span class='strong'>0</span> others
				</div>
			</div>
		</div>
		
		<div class='col s12 m6 l6 np-h'>
			<div class='card-panel nm-v'>
				<div class='left panel-name'>Steps</div>
				<div class='chart-box'>
					<canvas id='child-analysis' width='100' height='80'></canvas>
				</div>
				<div class='block text-small'>
					<span><span class='strong'>2</span> step(s) passed</span>
				</div>
				<div class='block text-small'>
					<span class='strong'>2</span> step(s) failed, <span class='strong'>0</span> others
				</div>
			</div>
		</div>
		
	</div>
</div>

	<div class='subview-left left'>
		
		<div class='view-summary'>
			<h5>Tests</h3>
			<ul id='test-collection' class='test-collection'>
				
				
				<li class='test displayed active has-leaf fail' status='fail' bdd='false' test-id='1'>
					<div class='test-heading'>
						<span class='test-name'>Selenium测试报告</span>
						<span class='test-time'>Jan 16, 2020 2:58:30 PM</span>
						<span class='test-status right fail'>fail</span>
					</div>
					<div class='test-content hide'>
<div class='test-time-info'>
	<span class='label start-time'>Jan 16, 2020 2:58:30 PM</span>
	<span class='label end-time'>Jan 16, 2020 2:58:30 PM</span>
	<span class='label time-taken grey lighten-1 white-text'>0h 0m 0s+0ms</span>
</div>
	<div class='test-desc'>Pass: 2 ; Fail: 2 ; Skip: 0 ; </div>
	<div class='test-attributes'>
			<div class='category-list'>
				<span class='category label white-text'>Selenium测试报告</span>
			</div>
	</div>
	<ul class='collapsible node-list' data-collapsible='accordion'>
		
				<li class='node level-1  fail' status='fail' test-id='2'>
					<div class='collapsible-header'>
						<div class='node-name'>谷歌-搜索自动化测试系统流程</div>						
						<span class='node-time'>Jan 16, 2020 2:58:19 PM</span>
						<span class='node-duration'>0h 0m 11s+147ms</span>
						<span class='test-status right fail'>fail</span>
					</div>
						<ul class='collapsible node-list' data-collapsible='accordion'>
				<li class='node level-2 leaf fail' status='fail' test-id='3'>
					<div class='collapsible-header'>
						<div class='node-name'>case2</div>						
						<span class='node-time'>Jan 16, 2020 2:58:24 PM</span>
						<span class='node-duration'>0h 0m 5s+626ms</span>
						<span class='test-status right fail'>fail</span>
					</div>
						<div class='collapsible-body'>
									<div class='category-list right'>
											<span class='category label white-text'>Selenium测试报告</span>
											<span class='category label white-text'>谷歌-搜索自动化测试系统流程</span>
									</div>
								<div class='node-steps'>
									<table class='bordered table-results'>
										<thead>
											<tr>
												<th>Status</th>
												<th>Timestamp</th>
												<th>Details</th>
											</tr>
										</thead>
										<tbody>
												<tr class='log' status='fail'>
													<td class='status fail' title='fail' alt='fail'><i class='material-icons'>cancel</i></td>
													<td class='timestamp'>2:58:30 PM</td>
													<td class='step-details'><pre>java.lang.reflect.InvocationTargetException
	at sun.reflect.NativeMethodAccessorImpl.invoke0(Native Method)
	at sun.reflect.NativeMethodAccessorImpl.invoke(NativeMethodAccessorImpl.java:62)
	at sun.reflect.DelegatingMethodAccessorImpl.invoke(DelegatingMethodAccessorImpl.java:43)
	at java.lang.reflect.Method.invoke(Method.java:498)
	at com.jmoney.luckeylink.service.RunUnitService.runCase(RunUnitService.java:85)
	at TestCases.SearchProcess.case2(SearchProcess.java:36)
	at sun.reflect.NativeMethodAccessorImpl.invoke0(Native Method)
	at sun.reflect.NativeMethodAccessorImpl.invoke(NativeMethodAccessorImpl.java:62)
	at sun.reflect.DelegatingMethodAccessorImpl.invoke(DelegatingMethodAccessorImpl.java:43)
	at java.lang.reflect.Method.invoke(Method.java:498)
	at org.testng.internal.MethodInvocationHelper.invokeMethod(MethodInvocationHelper.java:86)
	at org.testng.internal.InvokeMethodRunnable.runOne(InvokeMethodRunnable.java:54)
	at org.testng.internal.InvokeMethodRunnable.run(InvokeMethodRunnable.java:44)
	at org.testng.internal.MethodInvocationHelper.invokeWithTimeoutWithNoExecutor(MethodInvocationHelper.java:243)
	at org.testng.internal.MethodInvocationHelper.invokeWithTimeout(MethodInvocationHelper.java:232)
	at org.testng.internal.Invoker.invokeMethod(Invoker.java:649)
	at org.testng.internal.Invoker.invokeTestMethod(Invoker.java:820)
	at org.testng.internal.Invoker.invokeTestMethods(Invoker.java:1128)
	at org.testng.internal.TestMethodWorker.invokeTestMethods(TestMethodWorker.java:129)
	at org.testng.internal.TestMethodWorker.run(TestMethodWorker.java:112)
	at org.testng.TestRunner.privateRun(TestRunner.java:782)
	at org.testng.TestRunner.run(TestRunner.java:632)
	at org.testng.SuiteRunner.runTest(SuiteRunner.java:366)
	at org.testng.SuiteRunner.access$000(SuiteRunner.java:39)
	at org.testng.SuiteRunner$SuiteWorker.run(SuiteRunner.java:400)
	at org.testng.internal.thread.ThreadUtil$2.call(ThreadUtil.java:64)
	at java.util.concurrent.FutureTask.run(FutureTask.java:266)
	at java.util.concurrent.ThreadPoolExecutor.runWorker(ThreadPoolExecutor.java:1142)
	at java.util.concurrent.ThreadPoolExecutor$Worker.run(ThreadPoolExecutor.java:617)
	at java.lang.Thread.run(Thread.java:745)
Caused by: java.lang.AssertionError: 搜索失败(实际结果和预期结果不一致)  Actual 【JavaFx】  but found 【JavaFx1】
	at org.testng.Assert.fail(Assert.java:94)
	at com.jmoney.luckeylink.handler.CheckActionHandler.checkEqualsWeb(CheckActionHandler.java:164)
	at com.jmoney.luckeylink.handler.CheckActionHandler.webCheck(CheckActionHandler.java:41)
	... 30 more
</pre></td>
												</tr>
										</tbody>
									</table>
										<ul class='screenshots'>
												<li><img data-featherlight='D:\King\EclipseFX\Selenium\TestOutput\ExtentReport\BugScreenshot\case2.png' width='10%' src='' data-src='D:\King\EclipseFX\Selenium\TestOutput\ExtentReport\BugScreenshot\case2.png'></li>
										</ul>
								</div>
						</div>
				</li>
				<li class='node level-2 leaf pass' status='pass' test-id='4'>
					<div class='collapsible-header'>
						<div class='node-name'>case1</div>						
						<span class='node-time'>Jan 16, 2020 2:58:23 PM</span>
						<span class='node-duration'>0h 0m 7s+179ms</span>
						<span class='test-status right pass'>pass</span>
					</div>
						<div class='collapsible-body'>
									<div class='category-list right'>
											<span class='category label white-text'>Selenium测试报告</span>
											<span class='category label white-text'>谷歌-搜索自动化测试系统流程</span>
									</div>
								<div class='node-steps'>
									<table class='bordered table-results'>
										<thead>
											<tr>
												<th>Status</th>
												<th>Timestamp</th>
												<th>Details</th>
											</tr>
										</thead>
										<tbody>
												<tr class='log' status='debug'>
													<td class='status debug' title='debug' alt='debug'><i class='material-icons'>low_priority</i></td>
													<td class='timestamp'>2:58:30 PM</td>
													<td class='step-details'>验证在浏览器中，输入百度网站域名后，可以正常访问</td>
												</tr>
												<tr class='log' status='pass'>
													<td class='status pass' title='pass' alt='pass'><i class='material-icons'>check_circle</i></td>
													<td class='timestamp'>2:58:30 PM</td>
													<td class='step-details'>Test passed</td>
												</tr>
										</tbody>
									</table>
								</div>
						</div>
				</li>
						</ul>
				</li>
				<li class='node level-1  fail' status='fail' test-id='5'>
					<div class='collapsible-header'>
						<div class='node-name'>火狐-搜索自动化测试系统流程</div>						
						<span class='node-time'>Jan 16, 2020 2:58:19 PM</span>
						<span class='node-duration'>0h 0m 11s+148ms</span>
						<span class='test-status right fail'>fail</span>
					</div>
						<ul class='collapsible node-list' data-collapsible='accordion'>
				<li class='node level-2 leaf fail' status='fail' test-id='6'>
					<div class='collapsible-header'>
						<div class='node-name'>case2</div>						
						<span class='node-time'>Jan 16, 2020 2:58:26 PM</span>
						<span class='node-duration'>0h 0m 3s+783ms</span>
						<span class='test-status right fail'>fail</span>
					</div>
						<div class='collapsible-body'>
									<div class='category-list right'>
											<span class='category label white-text'>Selenium测试报告</span>
											<span class='category label white-text'>火狐-搜索自动化测试系统流程</span>
									</div>
								<div class='node-steps'>
									<table class='bordered table-results'>
										<thead>
											<tr>
												<th>Status</th>
												<th>Timestamp</th>
												<th>Details</th>
											</tr>
										</thead>
										<tbody>
												<tr class='log' status='fail'>
													<td class='status fail' title='fail' alt='fail'><i class='material-icons'>cancel</i></td>
													<td class='timestamp'>2:58:30 PM</td>
													<td class='step-details'><pre>java.lang.reflect.InvocationTargetException
	at sun.reflect.NativeMethodAccessorImpl.invoke0(Native Method)
	at sun.reflect.NativeMethodAccessorImpl.invoke(NativeMethodAccessorImpl.java:62)
	at sun.reflect.DelegatingMethodAccessorImpl.invoke(DelegatingMethodAccessorImpl.java:43)
	at java.lang.reflect.Method.invoke(Method.java:498)
	at com.jmoney.luckeylink.service.RunUnitService.runCase(RunUnitService.java:85)
	at TestCases.SearchProcess.case2(SearchProcess.java:36)
	at sun.reflect.NativeMethodAccessorImpl.invoke0(Native Method)
	at sun.reflect.NativeMethodAccessorImpl.invoke(NativeMethodAccessorImpl.java:62)
	at sun.reflect.DelegatingMethodAccessorImpl.invoke(DelegatingMethodAccessorImpl.java:43)
	at java.lang.reflect.Method.invoke(Method.java:498)
	at org.testng.internal.MethodInvocationHelper.invokeMethod(MethodInvocationHelper.java:86)
	at org.testng.internal.InvokeMethodRunnable.runOne(InvokeMethodRunnable.java:54)
	at org.testng.internal.InvokeMethodRunnable.run(InvokeMethodRunnable.java:44)
	at org.testng.internal.MethodInvocationHelper.invokeWithTimeoutWithNoExecutor(MethodInvocationHelper.java:243)
	at org.testng.internal.MethodInvocationHelper.invokeWithTimeout(MethodInvocationHelper.java:232)
	at org.testng.internal.Invoker.invokeMethod(Invoker.java:649)
	at org.testng.internal.Invoker.invokeTestMethod(Invoker.java:820)
	at org.testng.internal.Invoker.invokeTestMethods(Invoker.java:1128)
	at org.testng.internal.TestMethodWorker.invokeTestMethods(TestMethodWorker.java:129)
	at org.testng.internal.TestMethodWorker.run(TestMethodWorker.java:112)
	at org.testng.TestRunner.privateRun(TestRunner.java:782)
	at org.testng.TestRunner.run(TestRunner.java:632)
	at org.testng.SuiteRunner.runTest(SuiteRunner.java:366)
	at org.testng.SuiteRunner.access$000(SuiteRunner.java:39)
	at org.testng.SuiteRunner$SuiteWorker.run(SuiteRunner.java:400)
	at org.testng.internal.thread.ThreadUtil$2.call(ThreadUtil.java:64)
	at java.util.concurrent.FutureTask.run(FutureTask.java:266)
	at java.util.concurrent.ThreadPoolExecutor.runWorker(ThreadPoolExecutor.java:1142)
	at java.util.concurrent.ThreadPoolExecutor$Worker.run(ThreadPoolExecutor.java:617)
	at java.lang.Thread.run(Thread.java:745)
Caused by: java.lang.AssertionError: 搜索失败(实际结果和预期结果不一致)  Actual 【JavaFx】  but found 【JavaFx1】
	at org.testng.Assert.fail(Assert.java:94)
	at com.jmoney.luckeylink.handler.CheckActionHandler.checkEqualsWeb(CheckActionHandler.java:164)
	at com.jmoney.luckeylink.handler.CheckActionHandler.webCheck(CheckActionHandler.java:41)
	... 30 more
</pre></td>
												</tr>
										</tbody>
									</table>
										<ul class='screenshots'>
												<li><img data-featherlight='D:\King\EclipseFX\Selenium\TestOutput\ExtentReport\BugScreenshot\case2.png' width='10%' src='' data-src='D:\King\EclipseFX\Selenium\TestOutput\ExtentReport\BugScreenshot\case2.png'></li>
										</ul>
								</div>
						</div>
				</li>
				<li class='node level-2 leaf pass' status='pass' test-id='7'>
					<div class='collapsible-header'>
						<div class='node-name'>case1</div>						
						<span class='node-time'>Jan 16, 2020 2:58:25 PM</span>
						<span class='node-duration'>0h 0m 5s+36ms</span>
						<span class='test-status right pass'>pass</span>
					</div>
						<div class='collapsible-body'>
									<div class='category-list right'>
											<span class='category label white-text'>Selenium测试报告</span>
											<span class='category label white-text'>火狐-搜索自动化测试系统流程</span>
									</div>
								<div class='node-steps'>
									<table class='bordered table-results'>
										<thead>
											<tr>
												<th>Status</th>
												<th>Timestamp</th>
												<th>Details</th>
											</tr>
										</thead>
										<tbody>
												<tr class='log' status='debug'>
													<td class='status debug' title='debug' alt='debug'><i class='material-icons'>low_priority</i></td>
													<td class='timestamp'>2:58:30 PM</td>
													<td class='step-details'>验证在浏览器中，输入百度网站域名后，可以正常访问</td>
												</tr>
												<tr class='log' status='pass'>
													<td class='status pass' title='pass' alt='pass'><i class='material-icons'>check_circle</i></td>
													<td class='timestamp'>2:58:30 PM</td>
													<td class='step-details'>Test passed</td>
												</tr>
										</tbody>
									</table>
								</div>
						</div>
				</li>
						</ul>
				</li>
	</ul>
					</div>
				</li>
			</ul>
		</div>
	</div>
	<!-- subview left -->

	<div class='subview-right left'>
		<div class='view-summary'>
			<h5 class='test-name'></h5>

			<div id='step-filters' class="right">
				<span class="blue-text" status="info" alt="info" title="info"><i class="material-icons">info_outline</i></span>
				<span class="green-text" status="pass" alt="pass" title="pass"><i class="material-icons">check_circle</i></span>
				<span class="red-text" status="fail" alt="fail" title="fail"><i class="material-icons">cancel</i></span>
				<span class="red-text text-darken-4" status="fatal" alt="fatal" title="fatal"><i class="material-icons">cancel</i></span>
				<span class="pink-text text-lighten-1" status="error" alt="error" title="error"><i class="material-icons">error</i></span>
				<span class="orange-text" alt="warning" status="warning" title="warning"><i class="material-icons">warning</i></span>
				<span class="teal-text" status="skip" alt="skip" title="skip"><i class="material-icons">redo</i></span>
				<span status="clear" alt="Clear filters" title="Clear filters"><i class="material-icons">clear</i></span>
			</div>
		</div>
	</div>
	<!-- subview right -->

</div>
<!-- test view --><div id='category-view' class='view hide'>

	<section id='controls'>
		<div class='controls grey lighten-4'>
			<!-- search -->
			<div class='chip transparent' alt='Search Tests' title='Search Tests'>
				<a href="#" class='search-div'>
					<i class='material-icons'>search</i> Search
				</a>
				
				<div class='input-field left hide'>
					<input id='search-tests' type='text' class='validate browser-default' placeholder='Search Tests...'>
				</div>
				
			</div>
			<!-- search -->
		</div>
	</section>

	<div class='subview-left left'>
		
		<div class='view-summary'>
			<h5>Categories</h3>
			<ul id='category-collection' class='category-collection'>
				
				<li class='category displayed active'>
					<div class='category-heading'>
						<span class='category-name'>Selenium测试报告</span>
						<span class='category-status right'>
							<span class='label pass'>2</span>
							<span class='label fail'>5</span>
						</span>
					</div>
					<div class='category-content hide'>
						<div class='category-status-counts'>
							<span class='label green accent-4 white-text'>Passed: 2</span>
							<span class='label red lighten-1 white-text'>Failed: 5</span>
							
						</div>
					
						<div class='category-tests'>
							<table class='bordered table-results'>
								<thead>
									<tr>
										<th>Timestamp</th>
										<th>TestName</th>
										<th>Status</th>
									</tr>
								</thead>
								<tbody>
									<tr>
										<td>Jan 16, 2020 2:58:30 PM</td>
										<td class='linked' test-id='1'>Selenium测试报告</td>
										<td><span class='test-status fail'>fail</span></td>
									</tr>
									<tr>
										<td>Jan 16, 2020 2:58:19 PM</td>
										<td class='linked' test-id='2'>Selenium测试报告.谷歌-搜索自动化测试系统流程</td>
										<td><span class='test-status fail'>fail</span></td>
									</tr>
									<tr>
										<td>Jan 16, 2020 2:58:24 PM</td>
										<td class='linked' test-id='3'>Selenium测试报告.谷歌-搜索自动化测试系统流程.case2</td>
										<td><span class='test-status fail'>fail</span></td>
									</tr>
									<tr>
										<td>Jan 16, 2020 2:58:23 PM</td>
										<td class='linked' test-id='4'>Selenium测试报告.谷歌-搜索自动化测试系统流程.case1</td>
										<td><span class='test-status pass'>pass</span></td>
									</tr>
									<tr>
										<td>Jan 16, 2020 2:58:19 PM</td>
										<td class='linked' test-id='5'>Selenium测试报告.火狐-搜索自动化测试系统流程</td>
										<td><span class='test-status fail'>fail</span></td>
									</tr>
									<tr>
										<td>Jan 16, 2020 2:58:26 PM</td>
										<td class='linked' test-id='6'>Selenium测试报告.火狐-搜索自动化测试系统流程.case2</td>
										<td><span class='test-status fail'>fail</span></td>
									</tr>
									<tr>
										<td>Jan 16, 2020 2:58:25 PM</td>
										<td class='linked' test-id='7'>Selenium测试报告.火狐-搜索自动化测试系统流程.case1</td>
										<td><span class='test-status pass'>pass</span></td>
									</tr>
								</tbody>
							</table>
						</div>
					</div>
				</li>
				<li class='category displayed active'>
					<div class='category-heading'>
						<span class='category-name'>谷歌-搜索自动化测试系统流程</span>
						<span class='category-status right'>
							<span class='label pass'>1</span>
							<span class='label fail'>2</span>
						</span>
					</div>
					<div class='category-content hide'>
						<div class='category-status-counts'>
							<span class='label green accent-4 white-text'>Passed: 1</span>
							<span class='label red lighten-1 white-text'>Failed: 2</span>
							
						</div>
					
						<div class='category-tests'>
							<table class='bordered table-results'>
								<thead>
									<tr>
										<th>Timestamp</th>
										<th>TestName</th>
										<th>Status</th>
									</tr>
								</thead>
								<tbody>
									<tr>
										<td>Jan 16, 2020 2:58:19 PM</td>
										<td class='linked' test-id='2'>Selenium测试报告.谷歌-搜索自动化测试系统流程</td>
										<td><span class='test-status fail'>fail</span></td>
									</tr>
									<tr>
										<td>Jan 16, 2020 2:58:24 PM</td>
										<td class='linked' test-id='3'>Selenium测试报告.谷歌-搜索自动化测试系统流程.case2</td>
										<td><span class='test-status fail'>fail</span></td>
									</tr>
									<tr>
										<td>Jan 16, 2020 2:58:23 PM</td>
										<td class='linked' test-id='4'>Selenium测试报告.谷歌-搜索自动化测试系统流程.case1</td>
										<td><span class='test-status pass'>pass</span></td>
									</tr>
								</tbody>
							</table>
						</div>
					</div>
				</li>
				<li class='category displayed active'>
					<div class='category-heading'>
						<span class='category-name'>火狐-搜索自动化测试系统流程</span>
						<span class='category-status right'>
							<span class='label pass'>1</span>
							<span class='label fail'>2</span>
						</span>
					</div>
					<div class='category-content hide'>
						<div class='category-status-counts'>
							<span class='label green accent-4 white-text'>Passed: 1</span>
							<span class='label red lighten-1 white-text'>Failed: 2</span>
							
						</div>
					
						<div class='category-tests'>
							<table class='bordered table-results'>
								<thead>
									<tr>
										<th>Timestamp</th>
										<th>TestName</th>
										<th>Status</th>
									</tr>
								</thead>
								<tbody>
									<tr>
										<td>Jan 16, 2020 2:58:19 PM</td>
										<td class='linked' test-id='5'>Selenium测试报告.火狐-搜索自动化测试系统流程</td>
										<td><span class='test-status fail'>fail</span></td>
									</tr>
									<tr>
										<td>Jan 16, 2020 2:58:26 PM</td>
										<td class='linked' test-id='6'>Selenium测试报告.火狐-搜索自动化测试系统流程.case2</td>
										<td><span class='test-status fail'>fail</span></td>
									</tr>
									<tr>
										<td>Jan 16, 2020 2:58:25 PM</td>
										<td class='linked' test-id='7'>Selenium测试报告.火狐-搜索自动化测试系统流程.case1</td>
										<td><span class='test-status pass'>pass</span></td>
									</tr>
								</tbody>
							</table>
						</div>
					</div>
				</li>

			</ul>
		</div>
	</div>

	<div class='subview-right left'>
		<div class='view-summary'>
			<h5 class='category-name'></h5>
		</div>
	</div>
</div>
<!-- category view --><div id='exception-view' class='view hide'>
	
	<section id='controls'>
		<div class='controls grey lighten-4'>
			<!-- search -->
			<div class='chip transparent' alt='Search Tests' title='Search Tests'>
				<a href="#" class='search-div'>
					<i class='material-icons'>search</i> Search
				</a>
				
				<div class='input-field left hide'>
					<input id='search-tests' type='text' class='validate browser-default' placeholder='Search Tests...'>
				</div>
				
			</div>
			<!-- search -->
		</div>
	</section>

	<div class='subview-left left'>
		
		<div class='view-summary'>
			<h5>Exceptions</h3>
			<ul id='exception-collection' class='exception-collection'>
				
				<li class='exception displayed active'>
					<div class='exception-heading'>
						<span class='exception-name'>java.lang.reflect.InvocationTargetException</span>
						<span class='exception-count right'><span class='label red lighten-1 white-text'>1</span></span>
					</div>
					<div class='exception-content hide'>	
						<div class='exception-tests'>
							<table class='bordered table-results'>
								<thead>
									<tr>
										<th>Timestamp</th>
										<th>TestName</th>
										<th>Status</th>
									</tr>
								</thead>
								<tbody>
									<tr>
										<td>Jan 16, 2020 2:58:19 PM</td>
										<td class='linked' test-id='5'>Selenium测试报告.火狐-搜索自动化测试系统流程</td>
										<td><pre><pre>java.lang.reflect.InvocationTargetException
	at sun.reflect.NativeMethodAccessorImpl.invoke0(Native Method)
	at sun.reflect.NativeMethodAccessorImpl.invoke(NativeMethodAccessorImpl.java:62)
	at sun.reflect.DelegatingMethodAccessorImpl.invoke(DelegatingMethodAccessorImpl.java:43)
	at java.lang.reflect.Method.invoke(Method.java:498)
	at com.jmoney.luckeylink.service.RunUnitService.runCase(RunUnitService.java:85)
	at TestCases.SearchProcess.case2(SearchProcess.java:36)
	at sun.reflect.NativeMethodAccessorImpl.invoke0(Native Method)
	at sun.reflect.NativeMethodAccessorImpl.invoke(NativeMethodAccessorImpl.java:62)
	at sun.reflect.DelegatingMethodAccessorImpl.invoke(DelegatingMethodAccessorImpl.java:43)
	at java.lang.reflect.Method.invoke(Method.java:498)
	at org.testng.internal.MethodInvocationHelper.invokeMethod(MethodInvocationHelper.java:86)
	at org.testng.internal.InvokeMethodRunnable.runOne(InvokeMethodRunnable.java:54)
	at org.testng.internal.InvokeMethodRunnable.run(InvokeMethodRunnable.java:44)
	at org.testng.internal.MethodInvocationHelper.invokeWithTimeoutWithNoExecutor(MethodInvocationHelper.java:243)
	at org.testng.internal.MethodInvocationHelper.invokeWithTimeout(MethodInvocationHelper.java:232)
	at org.testng.internal.Invoker.invokeMethod(Invoker.java:649)
	at org.testng.internal.Invoker.invokeTestMethod(Invoker.java:820)
	at org.testng.internal.Invoker.invokeTestMethods(Invoker.java:1128)
	at org.testng.internal.TestMethodWorker.invokeTestMethods(TestMethodWorker.java:129)
	at org.testng.internal.TestMethodWorker.run(TestMethodWorker.java:112)
	at org.testng.TestRunner.privateRun(TestRunner.java:782)
	at org.testng.TestRunner.run(TestRunner.java:632)
	at org.testng.SuiteRunner.runTest(SuiteRunner.java:366)
	at org.testng.SuiteRunner.access$000(SuiteRunner.java:39)
	at org.testng.SuiteRunner$SuiteWorker.run(SuiteRunner.java:400)
	at org.testng.internal.thread.ThreadUtil$2.call(ThreadUtil.java:64)
	at java.util.concurrent.FutureTask.run(FutureTask.java:266)
	at java.util.concurrent.ThreadPoolExecutor.runWorker(ThreadPoolExecutor.java:1142)
	at java.util.concurrent.ThreadPoolExecutor$Worker.run(ThreadPoolExecutor.java:617)
	at java.lang.Thread.run(Thread.java:745)
Caused by: java.lang.AssertionError: 搜索失败(实际结果和预期结果不一致)  Actual 【JavaFx】  but found 【JavaFx1】
	at org.testng.Assert.fail(Assert.java:94)
	at com.jmoney.luckeylink.handler.CheckActionHandler.checkEqualsWeb(CheckActionHandler.java:164)
	at com.jmoney.luckeylink.handler.CheckActionHandler.webCheck(CheckActionHandler.java:41)
	... 30 more
</pre></pre></td>
									</tr>
								</tbody>
							</table>
						</div>
					</div>
				</li>
			</ul>
		</div>
	</div>

	<div class='subview-right left'>
		<div class='view-summary'>
			<h5 class='exception-name'></h5>
		</div>
	</div>
</div>
<!-- exception view --><div id='dashboard-view' class='view hide'>
	<div class='card-panel transparent np-v'>
		<h5>Dashboard</h5>

		<div class='row'>
			<div class='col s2'>
				<div class='card-panel r'>
					Tests
					<div class='panel-lead'>4</div>
				</div>
			</div>
			<div class='col s2'>
				<div class='card-panel r'>
					Steps
					<div class='panel-lead'>4</div>
				</div>
			</div>
			<div class='col s2'>
				<div class='card-panel r'>
					Start
					<div class='panel-lead'>Jan 16, 2020 2:58:30 PM</div>
				</div>
			</div>
			<div class='col s2'>
				<div class='card-panel r'>
			 		End
			 		<div class='panel-lead'>Jan 16, 2020 2:58:30 PM</div>
				</div>
			</div>
			<div class='col s2'>
				<div class='card-panel r'>
					Time Taken
					<div class='panel-lead'>30ms</div>
				</div>
			</div>
			<div class='col s4'>
				<div class='card-panel'>
					<span class='right label cyan white-text'>Categories</span><p>&nbsp;</p>
					
					<table>
						<tr>
							<th>Name</th>
							<th>Passed</th>
							<th>Failed</th>
							<th>Others</th>
						</tr>
						<tr>
							<td>Selenium测试报告</td>
							<td>2</td>
							<td>5</td>
							<td>0</td>
						</tr>
						<tr>
							<td>谷歌-搜索自动化测试系统流程</td>
							<td>1</td>
							<td>2</td>
							<td>0</td>
						</tr>
						<tr>
							<td>火狐-搜索自动化测试系统流程</td>
							<td>1</td>
							<td>2</td>
							<td>0</td>
						</tr>
					</table>
				</div>
			</div>
		</div>
	</div>
</div>
<!-- dashboard view --><div id='testrunner-logs-view' class='view hide'>
	<div class='card-panel transparent np-v'>
		<h5>TestRunner Logs</h5>
		
		<div class='card-panel'>
				验证在浏览器中，输入百度网站域名后，可以正常访问
				验证在浏览器中，输入百度网站域名后，可以正常访问
		</div>
	</div>
</div>
<!-- testrunner-logs view -->
		</div>
		<!-- container -->

		<script>
			var statusGroup = {
				passParent: 2,
				failParent: 2,
				fatalParent: 0,
				errorParent: 0,
				warningParent: 0,
				skipParent: 0,
				exceptionsParent: 2,
				
				passChild: 2,
				failChild: 2,
				fatalChild: 0,
				errorChild: 0,
				warningChild: 0,
				skipChild: 0,
				infoChild: 0,
				exceptionsChild: 4,
				
				passGrandChild: 0,
				failGrandChild: 0,
				fatalGrandChild: 0,
				errorGrandChild: 0,
				warningGrandChild: 0,
				skipGrandChild: 0,
				infoGrandChild: 0,
				exceptionsGrandChild: 0,
			};
		</script>
		
			<script src='https://cdn.rawgit.com/anshooarora/extentreports-java/9fa70d0ed9c34a8ed445ceee3494d3d7de7f8918/dist/js/extent.js' type='text/javascript'></script>
		
		
	</body>
	
</html>
