<?xml version="1.0" encoding="UTF-8"?>
<testsuite name="用户自动购买门票流程"
           tests="10"
           failures="1"
           errors="0"
           skipped="0"
           time="63.399">
  <properties />
            <testcase name="case1" time="7.494" classname="TestCases.Tourists_Purchase_Tickets">
                <failure type="java.lang.reflect.InvocationTargetException"
                  message="(null)"
              >
<![CDATA[java.lang.reflect.InvocationTargetException
  sun.reflect.NativeMethodAccessorImpl.invoke0(Native Method)
  sun.reflect.NativeMethodAccessorImpl.invoke(NativeMethodAccessorImpl.java:62)
  sun.reflect.DelegatingMethodAccessorImpl.invoke(DelegatingMethodAccessorImpl.java:43)
  java.lang.reflect.Method.invoke(Method.java:498)
  com.jmoney.xiyuyou.service.RunUnitService.runCase(RunUnitService.java:98)
  TestCases.Tourists_Purchase_Tickets.case1(Tourists_Purchase_Tickets.java:30)
  sun.reflect.NativeMethodAccessorImpl.invoke0(Native Method)
  sun.reflect.NativeMethodAccessorImpl.invoke(NativeMethodAccessorImpl.java:62)
  sun.reflect.DelegatingMethodAccessorImpl.invoke(DelegatingMethodAccessorImpl.java:43)
  java.lang.reflect.Method.invoke(Method.java:498)
  org.testng.internal.MethodInvocationHelper.invokeMethod(MethodInvocationHelper.java:86)
  org.testng.internal.InvokeMethodRunnable.runOne(InvokeMethodRunnable.java:54)
  org.testng.internal.InvokeMethodRunnable.run(InvokeMethodRunnable.java:44)
  java.util.concurrent.Executors$RunnableAdapter.call(Executors.java:511)
  java.util.concurrent.FutureTask.run(FutureTask.java:266)
  java.util.concurrent.ThreadPoolExecutor.runWorker(ThreadPoolExecutor.java:1142)
  java.util.concurrent.ThreadPoolExecutor$Worker.run(ThreadPoolExecutor.java:617)
  java.lang.Thread.run(Thread.java:745)
Caused by: java.lang.AssertionError: 访问失败(实际结果和预期结果不一致)  Actual 【新疆旅游】  but found 【新疆旅游1】
  org.testng.Assert.fail(Assert.java:94)
  com.jmoney.xiyuyou.handler.CheckActionHandler.checkEqualsWeb(CheckActionHandler.java:142)
  com.jmoney.xiyuyou.handler.CheckActionHandler.webCheck(CheckActionHandler.java:40)
  sun.reflect.NativeMethodAccessorImpl.invoke0(Native Method)
  sun.reflect.NativeMethodAccessorImpl.invoke(NativeMethodAccessorImpl.java:62)
  sun.reflect.DelegatingMethodAccessorImpl.invoke(DelegatingMethodAccessorImpl.java:43)
  java.lang.reflect.Method.invoke(Method.java:498)
  com.jmoney.xiyuyou.service.RunUnitService.runCase(RunUnitService.java:98)
  TestCases.Tourists_Purchase_Tickets.case1(Tourists_Purchase_Tickets.java:30)
  sun.reflect.NativeMethodAccessorImpl.invoke0(Native Method)
  sun.reflect.NativeMethodAccessorImpl.invoke(NativeMethodAccessorImpl.java:62)
  sun.reflect.DelegatingMethodAccessorImpl.invoke(DelegatingMethodAccessorImpl.java:43)
  java.lang.reflect.Method.invoke(Method.java:498)
  org.testng.internal.MethodInvocationHelper.invokeMethod(MethodInvocationHelper.java:86)
  org.testng.internal.InvokeMethodRunnable.runOne(InvokeMethodRunnable.java:54)
  org.testng.internal.InvokeMethodRunnable.run(InvokeMethodRunnable.java:44)
  java.util.concurrent.Executors$RunnableAdapter.call(Executors.java:511)
  java.util.concurrent.FutureTask.run(FutureTask.java:266)
  java.util.concurrent.ThreadPoolExecutor.runWorker(ThreadPoolExecutor.java:1142)
  java.util.concurrent.ThreadPoolExecutor$Worker.run(ThreadPoolExecutor.java:617)
  java.lang.Thread.run(Thread.java:745)
]]>
      </failure>

          </testcase>
  
  
            <testcase name="case8" time="5.329" classname="TestCases.Tourists_Purchase_Tickets" />
                <testcase name="case2" time="3.874" classname="TestCases.Tourists_Purchase_Tickets" />
                <testcase name="case4" time="1.610" classname="TestCases.Tourists_Purchase_Tickets" />
                <testcase name="case_10" time="6.935" classname="TestCases.Tourists_Purchase_Tickets" />
                <testcase name="case6" time="4.290" classname="TestCases.Tourists_Purchase_Tickets" />
                <testcase name="case7" time="5.383" classname="TestCases.Tourists_Purchase_Tickets" />
                <testcase name="case5" time="4.307" classname="TestCases.Tourists_Purchase_Tickets" />
                <testcase name="case9" time="6.261" classname="TestCases.Tourists_Purchase_Tickets" />
                <testcase name="case3" time="17.916" classname="TestCases.Tourists_Purchase_Tickets" />
      
</testsuite>
